[0.024s] Invoking command in '/home/marti/ros2_ws/build/robot_arm_control': CMAKE_PREFIX_PATH=/opt/ros/rolling /usr/bin/cmake /home/marti/ros2_ws/src/robot_arm_control -DAMENT_CMAKE_SYMLINK_INSTALL=1 -DCMAKE_INSTALL_PREFIX=/home/marti/ros2_ws/install/robot_arm_control
[0.470s] -- The C compiler identification is GNU 9.4.0
[0.921s] -- The CXX compiler identification is GNU 9.4.0
[1.061s] -- Check for working C compiler: /usr/bin/cc
[1.201s] -- Check for working C compiler: /usr/bin/cc -- works
[1.205s] -- Detecting C compiler ABI info
[1.356s] -- Detecting C compiler ABI info - done
[1.368s] -- Detecting C compile features
[1.369s] -- Detecting C compile features - done
[1.374s] -- Check for working CXX compiler: /usr/bin/c++
[1.550s] -- Check for working CXX compiler: /usr/bin/c++ -- works
[1.551s] -- Detecting CXX compiler ABI info
[1.718s] -- Detecting CXX compiler ABI info - done
[1.731s] -- Detecting CXX compile features
[1.731s] -- Detecting CXX compile features - done
[1.769s] -- Found ament_cmake: 1.2.1 (/opt/ros/rolling/share/ament_cmake/cmake)
[1.949s] -- Found Python3: /usr/bin/python3.8 (found version "3.8.10") found components: Interpreter 
[2.027s] -- Override CMake install command with custom implementation using symlinks instead of copying resources
[2.087s] -- Found rclcpp: 15.0.0 (/opt/ros/rolling/share/rclcpp/cmake)
[2.337s] -- Using all available rosidl_typesupport_c: rosidl_typesupport_fastrtps_c;rosidl_typesupport_introspection_c
[2.355s] -- Found rosidl_adapter: 3.0.1 (/opt/ros/rolling/share/rosidl_adapter/cmake)
[2.443s] -- Using all available rosidl_typesupport_cpp: rosidl_typesupport_fastrtps_cpp;rosidl_typesupport_introspection_cpp
[2.549s] -- Found rmw_implementation_cmake: 5.1.0 (/opt/ros/rolling/share/rmw_implementation_cmake/cmake)
[2.554s] -- Found rmw_cyclonedds_cpp: 1.1.2 (/opt/ros/rolling/share/rmw_cyclonedds_cpp/cmake)
[2.593s] -- Using RMW implementation 'rmw_cyclonedds_cpp' as default
[2.834s] -- Found geometry_msgs: 4.0.0 (/opt/ros/rolling/share/geometry_msgs/cmake)
[2.975s] -- Configuring done
[2.993s] -- Generating done
[2.998s] -- Build files have been written to: /home/marti/ros2_ws/build/robot_arm_control
[3.005s] Invoked command in '/home/marti/ros2_ws/build/robot_arm_control' returned '0': CMAKE_PREFIX_PATH=/opt/ros/rolling /usr/bin/cmake /home/marti/ros2_ws/src/robot_arm_control -DAMENT_CMAKE_SYMLINK_INSTALL=1 -DCMAKE_INSTALL_PREFIX=/home/marti/ros2_ws/install/robot_arm_control
[3.010s] Invoking command in '/home/marti/ros2_ws/build/robot_arm_control': CMAKE_PREFIX_PATH=/opt/ros/rolling /usr/bin/cmake --build /home/marti/ros2_ws/build/robot_arm_control -- -j8 -l8
[3.050s] [35m[1mScanning dependencies of target robot_arm_node[0m
[3.065s] [ 50%] [32mBuilding CXX object CMakeFiles/robot_arm_node.dir/src/robot_arm_node.cpp.o[0m
[3.115s] [100%] [32m[1mLinking CXX executable robot_arm_node[0m
[3.341s] [100%] Built target robot_arm_node
[3.352s] Invoked command in '/home/marti/ros2_ws/build/robot_arm_control' returned '0': CMAKE_PREFIX_PATH=/opt/ros/rolling /usr/bin/cmake --build /home/marti/ros2_ws/build/robot_arm_control -- -j8 -l8
[3.366s] Invoking command in '/home/marti/ros2_ws/build/robot_arm_control': CMAKE_PREFIX_PATH=/opt/ros/rolling /usr/bin/cmake --install /home/marti/ros2_ws/build/robot_arm_control
[3.374s] -- Install configuration: ""
[3.375s] -- Execute custom install script
[3.375s] -- Symlinking: /home/marti/ros2_ws/install/robot_arm_control/lib/robot_arm_control/robot_arm_node
[3.385s] -- Symlinking: /home/marti/ros2_ws/install/robot_arm_control/share/ament_index/resource_index/package_run_dependencies/robot_arm_control
[3.394s] -- Symlinking: /home/marti/ros2_ws/install/robot_arm_control/share/ament_index/resource_index/parent_prefix_path/robot_arm_control
[3.404s] -- Symlinking: /home/marti/ros2_ws/install/robot_arm_control/share/robot_arm_control/environment/ament_prefix_path.sh
[3.413s] -- Symlinking: /home/marti/ros2_ws/install/robot_arm_control/share/robot_arm_control/environment/ament_prefix_path.dsv
[3.421s] -- Symlinking: /home/marti/ros2_ws/install/robot_arm_control/share/robot_arm_control/environment/path.sh
[3.430s] -- Symlinking: /home/marti/ros2_ws/install/robot_arm_control/share/robot_arm_control/environment/path.dsv
[3.439s] -- Symlinking: /home/marti/ros2_ws/install/robot_arm_control/share/robot_arm_control/local_setup.bash
[3.447s] -- Symlinking: /home/marti/ros2_ws/install/robot_arm_control/share/robot_arm_control/local_setup.sh
[3.457s] -- Symlinking: /home/marti/ros2_ws/install/robot_arm_control/share/robot_arm_control/local_setup.zsh
[3.466s] -- Symlinking: /home/marti/ros2_ws/install/robot_arm_control/share/robot_arm_control/local_setup.dsv
[3.475s] -- Symlinking: /home/marti/ros2_ws/install/robot_arm_control/share/robot_arm_control/package.dsv
[3.484s] -- Symlinking: /home/marti/ros2_ws/install/robot_arm_control/share/ament_index/resource_index/packages/robot_arm_control
[3.493s] -- Symlinking: /home/marti/ros2_ws/install/robot_arm_control/share/robot_arm_control/cmake/robot_arm_controlConfig.cmake
[3.501s] -- Symlinking: /home/marti/ros2_ws/install/robot_arm_control/share/robot_arm_control/cmake/robot_arm_controlConfig-version.cmake
[3.510s] -- Symlinking: /home/marti/ros2_ws/install/robot_arm_control/share/robot_arm_control/package.xml
[3.522s] Invoked command in '/home/marti/ros2_ws/build/robot_arm_control' returned '0': CMAKE_PREFIX_PATH=/opt/ros/rolling /usr/bin/cmake --install /home/marti/ros2_ws/build/robot_arm_control
