[0.010s] Invoking command in '/home/ubuntu/IKRA/build/robot_arm_control': CMAKE_PREFIX_PATH=/opt/ros/humble /usr/bin/cmake /home/ubuntu/IKRA/src/robot_arm_control -DAMENT_CMAKE_SYMLINK_INSTALL=1 -DCMAKE_INSTALL_PREFIX=/home/ubuntu/IKRA/install/robot_arm_control
[0.294s] -- The C compiler identification is GNU 11.4.0
[0.464s] -- The CXX compiler identification is GNU 11.4.0
[0.474s] -- Detecting C compiler ABI info
[0.603s] -- Detecting C compiler ABI info - done
[0.609s] -- Check for working C compiler: /usr/bin/cc - skipped
[0.610s] -- Detecting C compile features
[0.610s] -- Detecting C compile features - done
[0.613s] -- Detecting CXX compiler ABI info
[0.699s] -- Detecting CXX compiler ABI info - done
[0.704s] -- Check for working CXX compiler: /usr/bin/c++ - skipped
[0.704s] -- Detecting CXX compile features
[0.704s] -- Detecting CXX compile features - done
[0.711s] -- Found ament_cmake: 1.3.11 (/opt/ros/humble/share/ament_cmake/cmake)
[1.002s] -- Found Python3: /usr/bin/python3 (found version "3.10.12") found components: Interpreter 
[1.043s] -- Override CMake install command with custom implementation using symlinks instead of copying resources
[1.065s] -- Found rclcpp: 16.0.11 (/opt/ros/humble/share/rclcpp/cmake)
[1.108s] -- Found rosidl_generator_c: 3.1.6 (/opt/ros/humble/share/rosidl_generator_c/cmake)
[1.111s] -- Found rosidl_adapter: 3.1.6 (/opt/ros/humble/share/rosidl_adapter/cmake)
[1.118s] -- Found rosidl_generator_cpp: 3.1.6 (/opt/ros/humble/share/rosidl_generator_cpp/cmake)
[1.129s] -- Using all available rosidl_typesupport_c: rosidl_typesupport_fastrtps_c;rosidl_typesupport_introspection_c
[1.142s] -- Using all available rosidl_typesupport_cpp: rosidl_typesupport_fastrtps_cpp;rosidl_typesupport_introspection_cpp
[1.183s] -- Found rmw_implementation_cmake: 6.1.2 (/opt/ros/humble/share/rmw_implementation_cmake/cmake)
[1.185s] -- Found rmw_fastrtps_cpp: 6.2.7 (/opt/ros/humble/share/rmw_fastrtps_cpp/cmake)
[1.256s] -- Found OpenSSL: /usr/lib/aarch64-linux-gnu/libcrypto.so (found version "3.0.2")  
[1.275s] -- Found FastRTPS: /opt/ros/humble/include  
[1.301s] -- Using RMW implementation 'rmw_fastrtps_cpp' as default
[1.307s] -- Looking for pthread.h
[1.367s] -- Looking for pthread.h - found
[1.368s] -- Performing Test CMAKE_HAVE_LIBC_PTHREAD
[1.422s] -- Performing Test CMAKE_HAVE_LIBC_PTHREAD - Success
[1.423s] -- Found Threads: TRUE  
[1.471s] -- Found geometry_msgs: 4.2.4 (/opt/ros/humble/share/geometry_msgs/cmake)
[1.493s] [31mCMake Error at CMakeLists.txt:9 (find_package):
[1.493s]   By not providing "FindTinyXML2.cmake" in CMAKE_MODULE_PATH this project has
[1.493s]   asked CMake to find a package configuration file provided by "TinyXML2",
[1.493s]   but CMake did not find one.
[1.494s] 
[1.494s]   Could not find a package configuration file provided by "TinyXML2" with any
[1.494s]   of the following names:
[1.494s] 
[1.494s]     TinyXML2Config.cmake
[1.494s]     tinyxml2-config.cmake
[1.494s] 
[1.494s]   Add the installation prefix of "TinyXML2" to CMAKE_PREFIX_PATH or set
[1.494s]   "TinyXML2_DIR" to a directory containing one of the above files.  If
[1.494s]   "TinyXML2" provides a separate development package or SDK, be sure it has
[1.494s]   been installed.
[1.494s] 
[1.494s] [0m
[1.494s] -- Configuring incomplete, errors occurred!
[1.494s] See also "/home/ubuntu/IKRA/build/robot_arm_control/CMakeFiles/CMakeOutput.log".
[1.500s] Invoked command in '/home/ubuntu/IKRA/build/robot_arm_control' returned '1': CMAKE_PREFIX_PATH=/opt/ros/humble /usr/bin/cmake /home/ubuntu/IKRA/src/robot_arm_control -DAMENT_CMAKE_SYMLINK_INSTALL=1 -DCMAKE_INSTALL_PREFIX=/home/ubuntu/IKRA/install/robot_arm_control
