In file included from [01m[K/opt/ros/rolling/include/rclcpp/client.hpp:43[m[K,
                 from [01m[K/opt/ros/rolling/include/rclcpp/callback_group.hpp:23[m[K,
                 from [01m[K/opt/ros/rolling/include/rclcpp/any_executable.hpp:20[m[K,
                 from [01m[K/opt/ros/rolling/include/rclcpp/memory_strategy.hpp:25[m[K,
                 from [01m[K/opt/ros/rolling/include/rclcpp/memory_strategies.hpp:18[m[K,
                 from [01m[K/opt/ros/rolling/include/rclcpp/executor_options.hpp:20[m[K,
                 from [01m[K/opt/ros/rolling/include/rclcpp/executor.hpp:37[m[K,
                 from [01m[K/opt/ros/rolling/include/rclcpp/executors/multi_threaded_executor.hpp:25[m[K,
                 from [01m[K/opt/ros/rolling/include/rclcpp/executors.hpp:21[m[K,
                 from [01m[K/opt/ros/rolling/include/rclcpp/rclcpp.hpp:155[m[K,
                 from [01m[K/home/marti/IKRA/src/robot_arm_control/src/robot_arm_node.cpp:2[m[K:
[01m[K/home/marti/IKRA/src/robot_arm_control/src/robot_arm_node.cpp:[m[K In member function ‘[01m[Kvoid RobotArmControl::calculate_jacobian(const Vector3d&, Eigen::MatrixXd&)[m[K’:
[01m[K/home/marti/IKRA/src/robot_arm_control/src/robot_arm_node.cpp:80:45:[m[K [01;35m[Kwarning: [m[Kformat ‘[01m[K%f[m[K’ expects a matching ‘[01m[Kdouble[m[K’ argument [[01;35m[K-Wformat=[m[K]
   80 |             RCLCPP_INFO(this->get_logger(), [01;35m[K"Jacobiana:\n%.2f %.2f %.2f\n%.2f %.2f %.2f\n%.2f %.2f %.2f"[m[K,
      |                                             [01;35m[K^~~~~~~~~~~~~~~~~~~~~~~~~~~~~~~~~~~~~~~~~~~~~~~~~~~~~~~~~~~~[m[K
[01m[K/home/marti/IKRA/src/robot_arm_control/src/robot_arm_node.cpp:80:93:[m[K [01;36m[Knote: [m[Kformat string is defined here
   80 | et_logger(), "Jacobiana:\n%.2f %.2f %.2f\n%.2f %.2f %.2f\n[01;36m[K%.2f[m[K %.2f %.2f",
      |                                                           [01;36m[K~~~^[m[K
      |                                                              [01;36m[K|[m[K
      |                                                              [01;36m[Kdouble[m[K

In file included from [01m[K/opt/ros/rolling/include/rclcpp/client.hpp:43[m[K,
                 from [01m[K/opt/ros/rolling/include/rclcpp/callback_group.hpp:23[m[K,
                 from [01m[K/opt/ros/rolling/include/rclcpp/any_executable.hpp:20[m[K,
                 from [01m[K/opt/ros/rolling/include/rclcpp/memory_strategy.hpp:25[m[K,
                 from [01m[K/opt/ros/rolling/include/rclcpp/memory_strategies.hpp:18[m[K,
                 from [01m[K/opt/ros/rolling/include/rclcpp/executor_options.hpp:20[m[K,
                 from [01m[K/opt/ros/rolling/include/rclcpp/executor.hpp:37[m[K,
                 from [01m[K/opt/ros/rolling/include/rclcpp/executors/multi_threaded_executor.hpp:25[m[K,
                 from [01m[K/opt/ros/rolling/include/rclcpp/executors.hpp:21[m[K,
                 from [01m[K/opt/ros/rolling/include/rclcpp/rclcpp.hpp:155[m[K,
                 from [01m[K/home/marti/IKRA/src/robot_arm_control/src/robot_arm_node.cpp:2[m[K:
[01m[K/home/marti/IKRA/src/robot_arm_control/src/robot_arm_node.cpp:80:45:[m[K [01;35m[Kwarning: [m[Kformat ‘[01m[K%f[m[K’ expects a matching ‘[01m[Kdouble[m[K’ argument [[01;35m[K-Wformat=[m[K]
   80 |             RCLCPP_INFO(this->get_logger(), [01;35m[K"Jacobiana:\n%.2f %.2f %.2f\n%.2f %.2f %.2f\n%.2f %.2f %.2f"[m[K,
      |                                             [01;35m[K^~~~~~~~~~~~~~~~~~~~~~~~~~~~~~~~~~~~~~~~~~~~~~~~~~~~~~~~~~~~[m[K
[01m[K/home/marti/IKRA/src/robot_arm_control/src/robot_arm_node.cpp:80:98:[m[K [01;36m[Knote: [m[Kformat string is defined here
   80 | et_logger(), "Jacobiana:\n%.2f %.2f %.2f\n%.2f %.2f %.2f\n%.2f [01;36m[K%.2f[m[K %.2f",
      |                                                                [01;36m[K~~~^[m[K
      |                                                                   [01;36m[K|[m[K
      |                                                                   [01;36m[Kdouble[m[K

In file included from [01m[K/opt/ros/rolling/include/rclcpp/client.hpp:43[m[K,
                 from [01m[K/opt/ros/rolling/include/rclcpp/callback_group.hpp:23[m[K,
                 from [01m[K/opt/ros/rolling/include/rclcpp/any_executable.hpp:20[m[K,
                 from [01m[K/opt/ros/rolling/include/rclcpp/memory_strategy.hpp:25[m[K,
                 from [01m[K/opt/ros/rolling/include/rclcpp/memory_strategies.hpp:18[m[K,
                 from [01m[K/opt/ros/rolling/include/rclcpp/executor_options.hpp:20[m[K,
                 from [01m[K/opt/ros/rolling/include/rclcpp/executor.hpp:37[m[K,
                 from [01m[K/opt/ros/rolling/include/rclcpp/executors/multi_threaded_executor.hpp:25[m[K,
                 from [01m[K/opt/ros/rolling/include/rclcpp/executors.hpp:21[m[K,
                 from [01m[K/opt/ros/rolling/include/rclcpp/rclcpp.hpp:155[m[K,
                 from [01m[K/home/marti/IKRA/src/robot_arm_control/src/robot_arm_node.cpp:2[m[K:
[01m[K/home/marti/IKRA/src/robot_arm_control/src/robot_arm_node.cpp:80:45:[m[K [01;35m[Kwarning: [m[Kformat ‘[01m[K%f[m[K’ expects a matching ‘[01m[Kdouble[m[K’ argument [[01;35m[K-Wformat=[m[K]
   80 |             RCLCPP_INFO(this->get_logger(), [01;35m[K"Jacobiana:\n%.2f %.2f %.2f\n%.2f %.2f %.2f\n%.2f %.2f %.2f"[m[K,
      |                                             [01;35m[K^~~~~~~~~~~~~~~~~~~~~~~~~~~~~~~~~~~~~~~~~~~~~~~~~~~~~~~~~~~~[m[K
[01m[K/home/marti/IKRA/src/robot_arm_control/src/robot_arm_node.cpp:80:103:[m[K [01;36m[Knote: [m[Kformat string is defined here
   80 | acobiana:\n%.2f %.2f %.2f\n%.2f %.2f %.2f\n%.2f %.2f [01;36m[K%.2f[m[K",
      |                                                      [01;36m[K~~~^[m[K
      |                                                         [01;36m[K|[m[K
      |                                                         [01;36m[Kdouble[m[K

