[0.022s] Invoking command in '/home/marti/IKRA/build/robot_arm_control': CMAKE_PREFIX_PATH=${CMAKE_PREFIX_PATH}:/opt/ros/rolling /usr/bin/cmake /home/marti/IKRA/src/robot_arm_control -DCMAKE_INSTALL_PREFIX=/home/marti/IKRA/install/robot_arm_control
[0.185s] -- The C compiler identification is GNU 9.4.0
[0.390s] -- The CXX compiler identification is GNU 9.4.0
[0.477s] -- Check for working C compiler: /usr/bin/cc
[0.607s] -- Check for working C compiler: /usr/bin/cc -- works
[0.608s] -- Detecting C compiler ABI info
[0.758s] -- Detecting C compiler ABI info - done
[0.770s] -- Detecting C compile features
[0.770s] -- Detecting C compile features - done
[0.773s] -- Check for working CXX compiler: /usr/bin/c++
[0.907s] -- Check for working CXX compiler: /usr/bin/c++ -- works
[0.908s] -- Detecting CXX compiler ABI info
[1.057s] -- Detecting CXX compiler ABI info - done
[1.076s] -- Detecting CXX compile features
[1.077s] -- Detecting CXX compile features - done
[1.083s] -- Found PkgConfig: /usr/bin/pkg-config (found version "0.29.1") 
[1.084s] -- Checking for module 'tinyxml2'
[1.097s] --   Found tinyxml2, version 6.2.0
[1.237s] -- Found ament_cmake: 1.2.1 (/opt/ros/rolling/share/ament_cmake/cmake)
[1.426s] -- Found Python3: /usr/bin/python3.8 (found version "3.8.10") found components: Interpreter 
[1.509s] -- Found rclcpp: 15.0.0 (/opt/ros/rolling/share/rclcpp/cmake)
[1.584s] -- Using all available rosidl_typesupport_c: rosidl_typesupport_fastrtps_c;rosidl_typesupport_introspection_c
[1.590s] -- Found rosidl_adapter: 3.0.1 (/opt/ros/rolling/share/rosidl_adapter/cmake)
[1.642s] -- Using all available rosidl_typesupport_cpp: rosidl_typesupport_fastrtps_cpp;rosidl_typesupport_introspection_cpp
[1.713s] -- Found rmw_implementation_cmake: 5.1.0 (/opt/ros/rolling/share/rmw_implementation_cmake/cmake)
[1.716s] -- Found rmw_cyclonedds_cpp: 1.1.2 (/opt/ros/rolling/share/rmw_cyclonedds_cpp/cmake)
[1.737s] -- Using RMW implementation 'rmw_cyclonedds_cpp' as default
[1.931s] -- Found geometry_msgs: 4.0.0 (/opt/ros/rolling/share/geometry_msgs/cmake)
[2.052s] -- Configuring done
[2.063s] -- Generating done
[2.068s] -- Build files have been written to: /home/marti/IKRA/build/robot_arm_control
[2.075s] Invoked command in '/home/marti/IKRA/build/robot_arm_control' returned '0': CMAKE_PREFIX_PATH=${CMAKE_PREFIX_PATH}:/opt/ros/rolling /usr/bin/cmake /home/marti/IKRA/src/robot_arm_control -DCMAKE_INSTALL_PREFIX=/home/marti/IKRA/install/robot_arm_control
[2.079s] Invoking command in '/home/marti/IKRA/build/robot_arm_control': CMAKE_PREFIX_PATH=${CMAKE_PREFIX_PATH}:/opt/ros/rolling /usr/bin/cmake --build /home/marti/IKRA/build/robot_arm_control -- -j8 -l8
[2.120s] [35m[1mScanning dependencies of target robot_arm_node[0m
[2.158s] [ 50%] [32mBuilding CXX object CMakeFiles/robot_arm_node.dir/src/robot_arm_node.cpp.o[0m
[7.845s] [100%] [32m[1mLinking CXX executable robot_arm_node[0m
[8.144s] [100%] Built target robot_arm_node
[8.158s] Invoked command in '/home/marti/IKRA/build/robot_arm_control' returned '0': CMAKE_PREFIX_PATH=${CMAKE_PREFIX_PATH}:/opt/ros/rolling /usr/bin/cmake --build /home/marti/IKRA/build/robot_arm_control -- -j8 -l8
[8.176s] Invoking command in '/home/marti/IKRA/build/robot_arm_control': CMAKE_PREFIX_PATH=${CMAKE_PREFIX_PATH}:/opt/ros/rolling /usr/bin/cmake --install /home/marti/IKRA/build/robot_arm_control
[8.183s] -- Install configuration: ""
[8.183s] -- Installing: /home/marti/IKRA/install/robot_arm_control/lib/robot_arm_control/robot_arm_node
[8.185s] -- Set runtime path of "/home/marti/IKRA/install/robot_arm_control/lib/robot_arm_control/robot_arm_node" to ""
[8.186s] -- Installing: /home/marti/IKRA/install/robot_arm_control/share/ament_index/resource_index/package_run_dependencies/robot_arm_control
[8.186s] -- Installing: /home/marti/IKRA/install/robot_arm_control/share/ament_index/resource_index/parent_prefix_path/robot_arm_control
[8.187s] -- Installing: /home/marti/IKRA/install/robot_arm_control/share/robot_arm_control/environment/ament_prefix_path.sh
[8.187s] -- Installing: /home/marti/IKRA/install/robot_arm_control/share/robot_arm_control/environment/ament_prefix_path.dsv
[8.188s] -- Installing: /home/marti/IKRA/install/robot_arm_control/share/robot_arm_control/environment/path.sh
[8.188s] -- Installing: /home/marti/IKRA/install/robot_arm_control/share/robot_arm_control/environment/path.dsv
[8.188s] -- Installing: /home/marti/IKRA/install/robot_arm_control/share/robot_arm_control/local_setup.bash
[8.188s] -- Installing: /home/marti/IKRA/install/robot_arm_control/share/robot_arm_control/local_setup.sh
[8.189s] -- Installing: /home/marti/IKRA/install/robot_arm_control/share/robot_arm_control/local_setup.zsh
[8.189s] -- Installing: /home/marti/IKRA/install/robot_arm_control/share/robot_arm_control/local_setup.dsv
[8.189s] -- Installing: /home/marti/IKRA/install/robot_arm_control/share/robot_arm_control/package.dsv
[8.189s] -- Installing: /home/marti/IKRA/install/robot_arm_control/share/ament_index/resource_index/packages/robot_arm_control
[8.190s] -- Installing: /home/marti/IKRA/install/robot_arm_control/share/robot_arm_control/cmake/robot_arm_controlConfig.cmake
[8.190s] -- Installing: /home/marti/IKRA/install/robot_arm_control/share/robot_arm_control/cmake/robot_arm_controlConfig-version.cmake
[8.190s] -- Installing: /home/marti/IKRA/install/robot_arm_control/share/robot_arm_control/package.xml
[8.193s] Invoked command in '/home/marti/IKRA/build/robot_arm_control' returned '0': CMAKE_PREFIX_PATH=${CMAKE_PREFIX_PATH}:/opt/ros/rolling /usr/bin/cmake --install /home/marti/IKRA/build/robot_arm_control
