[35m[1mScanning dependencies of target robot_arm_node[0m
[ 50%] [32mBuilding CXX object CMakeFiles/robot_arm_node.dir/src/robot_arm_node.cpp.o[0m
[100%] [32m[1mLinking CXX executable robot_arm_node[0m
[100%] Built target robot_arm_node
-- Install configuration: ""
-- Execute custom install script
-- Up-to-date symlink: /home/marti/ros2_ws/install/robot_arm_control/lib/robot_arm_control/robot_arm_node
-- Up-to-date symlink: /home/marti/ros2_ws/install/robot_arm_control/share/ament_index/resource_index/package_run_dependencies/robot_arm_control
-- Up-to-date symlink: /home/marti/ros2_ws/install/robot_arm_control/share/ament_index/resource_index/parent_prefix_path/robot_arm_control
-- Up-to-date symlink: /home/marti/ros2_ws/install/robot_arm_control/share/robot_arm_control/environment/ament_prefix_path.sh
-- Up-to-date symlink: /home/marti/ros2_ws/install/robot_arm_control/share/robot_arm_control/environment/ament_prefix_path.dsv
-- Up-to-date symlink: /home/marti/ros2_ws/install/robot_arm_control/share/robot_arm_control/environment/path.sh
-- Up-to-date symlink: /home/marti/ros2_ws/install/robot_arm_control/share/robot_arm_control/environment/path.dsv
-- Up-to-date symlink: /home/marti/ros2_ws/install/robot_arm_control/share/robot_arm_control/local_setup.bash
-- Up-to-date symlink: /home/marti/ros2_ws/install/robot_arm_control/share/robot_arm_control/local_setup.sh
-- Up-to-date symlink: /home/marti/ros2_ws/install/robot_arm_control/share/robot_arm_control/local_setup.zsh
-- Up-to-date symlink: /home/marti/ros2_ws/install/robot_arm_control/share/robot_arm_control/local_setup.dsv
-- Symlinking: /home/marti/ros2_ws/install/robot_arm_control/share/robot_arm_control/package.dsv
-- Up-to-date symlink: /home/marti/ros2_ws/install/robot_arm_control/share/ament_index/resource_index/packages/robot_arm_control
-- Up-to-date symlink: /home/marti/ros2_ws/install/robot_arm_control/share/robot_arm_control/cmake/robot_arm_controlConfig.cmake
-- Up-to-date symlink: /home/marti/ros2_ws/install/robot_arm_control/share/robot_arm_control/cmake/robot_arm_controlConfig-version.cmake
-- Up-to-date symlink: /home/marti/ros2_ws/install/robot_arm_control/share/robot_arm_control/package.xml
