[0.029s] Invoking command in '/home/marti/ros2_ws/build/robot_arm_control': CMAKE_PREFIX_PATH=${CMAKE_PREFIX_PATH}:/opt/ros/rolling /usr/bin/cmake --build /home/marti/ros2_ws/build/robot_arm_control -- -j8 -l8
[0.260s] [35m[1mScanning dependencies of target robot_arm_node[0m
[0.295s] [ 50%] [32mBuilding CXX object CMakeFiles/robot_arm_node.dir/src/robot_arm_node.cpp.o[0m
[5.561s] [100%] [32m[1mLinking CXX executable robot_arm_node[0m
[5.952s] [100%] Built target robot_arm_node
[5.967s] Invoked command in '/home/marti/ros2_ws/build/robot_arm_control' returned '0': CMAKE_PREFIX_PATH=${CMAKE_PREFIX_PATH}:/opt/ros/rolling /usr/bin/cmake --build /home/marti/ros2_ws/build/robot_arm_control -- -j8 -l8
[5.984s] Invoking command in '/home/marti/ros2_ws/build/robot_arm_control': CMAKE_PREFIX_PATH=${CMAKE_PREFIX_PATH}:/opt/ros/rolling /usr/bin/cmake --install /home/marti/ros2_ws/build/robot_arm_control
[6.000s] -- Install configuration: ""
[6.003s] -- Execute custom install script
[6.006s] -- Up-to-date symlink: /home/marti/ros2_ws/install/robot_arm_control/lib/robot_arm_control/robot_arm_node
[6.006s] -- Up-to-date symlink: /home/marti/ros2_ws/install/robot_arm_control/share/ament_index/resource_index/package_run_dependencies/robot_arm_control
[6.006s] -- Up-to-date symlink: /home/marti/ros2_ws/install/robot_arm_control/share/ament_index/resource_index/parent_prefix_path/robot_arm_control
[6.007s] -- Up-to-date symlink: /home/marti/ros2_ws/install/robot_arm_control/share/robot_arm_control/environment/ament_prefix_path.sh
[6.007s] -- Up-to-date symlink: /home/marti/ros2_ws/install/robot_arm_control/share/robot_arm_control/environment/ament_prefix_path.dsv
[6.007s] -- Up-to-date symlink: /home/marti/ros2_ws/install/robot_arm_control/share/robot_arm_control/environment/path.sh
[6.008s] -- Up-to-date symlink: /home/marti/ros2_ws/install/robot_arm_control/share/robot_arm_control/environment/path.dsv
[6.008s] -- Up-to-date symlink: /home/marti/ros2_ws/install/robot_arm_control/share/robot_arm_control/local_setup.bash
[6.008s] -- Up-to-date symlink: /home/marti/ros2_ws/install/robot_arm_control/share/robot_arm_control/local_setup.sh
[6.009s] -- Up-to-date symlink: /home/marti/ros2_ws/install/robot_arm_control/share/robot_arm_control/local_setup.zsh
[6.009s] -- Up-to-date symlink: /home/marti/ros2_ws/install/robot_arm_control/share/robot_arm_control/local_setup.dsv
[6.009s] -- Symlinking: /home/marti/ros2_ws/install/robot_arm_control/share/robot_arm_control/package.dsv
[6.024s] -- Up-to-date symlink: /home/marti/ros2_ws/install/robot_arm_control/share/ament_index/resource_index/packages/robot_arm_control
[6.025s] -- Up-to-date symlink: /home/marti/ros2_ws/install/robot_arm_control/share/robot_arm_control/cmake/robot_arm_controlConfig.cmake
[6.025s] -- Up-to-date symlink: /home/marti/ros2_ws/install/robot_arm_control/share/robot_arm_control/cmake/robot_arm_controlConfig-version.cmake
[6.025s] -- Up-to-date symlink: /home/marti/ros2_ws/install/robot_arm_control/share/robot_arm_control/package.xml
[6.030s] Invoked command in '/home/marti/ros2_ws/build/robot_arm_control' returned '0': CMAKE_PREFIX_PATH=${CMAKE_PREFIX_PATH}:/opt/ros/rolling /usr/bin/cmake --install /home/marti/ros2_ws/build/robot_arm_control
