[0.547s] DEBUG:colcon:Command line arguments: ['/usr/bin/colcon', 'build', '--packages-select', 'robot_arm_control']
[0.547s] DEBUG:colcon:Parsed command line arguments: Namespace(allow_overriding=[], ament_cmake_args=None, base_paths=['.'], build_base='build', catkin_cmake_args=None, catkin_skip_building_tests=False, cmake_args=None, cmake_clean_cache=False, cmake_clean_first=False, cmake_force_configure=False, cmake_target=None, cmake_target_skip_unavailable=False, continue_on_error=False, event_handlers=None, executor='parallel', ignore_user_meta=False, install_base='install', log_base=None, log_level=None, main=<bound method BuildVerb.main of <colcon_core.verb.build.BuildVerb object at 0x7fcfa8a410d0>>, merge_install=False, metas=['./colcon.meta'], packages_above=None, packages_above_and_dependencies=None, packages_above_depth=None, packages_end=None, packages_ignore=None, packages_ignore_regex=None, packages_select=['robot_arm_control'], packages_select_build_failed=False, packages_select_by_dep=None, packages_select_regex=None, packages_select_test_failures=False, packages_skip=None, packages_skip_build_finished=False, packages_skip_by_dep=None, packages_skip_regex=None, packages_skip_test_passed=False, packages_skip_up_to=None, packages_start=None, packages_up_to=None, packages_up_to_regex=None, parallel_workers=8, paths=None, symlink_install=False, test_result_base=None, verb_extension=<colcon_core.verb.build.BuildVerb object at 0x7fcfa8a410d0>, verb_name='build', verb_parser=<colcon_defaults.argument_parser.defaults.DefaultArgumentsDecorator object at 0x7fcfa887e280>)
[1.015s] Level 1:colcon.colcon_core.package_discovery:discover_packages(colcon_meta) check parameters
[1.016s] Level 1:colcon.colcon_core.package_discovery:discover_packages(recursive) check parameters
[1.016s] Level 1:colcon.colcon_core.package_discovery:discover_packages(ignore) check parameters
[1.016s] Level 1:colcon.colcon_core.package_discovery:discover_packages(path) check parameters
[1.017s] Level 1:colcon.colcon_core.package_discovery:discover_packages(colcon_meta) discover
[1.017s] Level 1:colcon.colcon_core.package_discovery:discover_packages(recursive) discover
[1.017s] INFO:colcon.colcon_core.package_discovery:Crawling recursively for packages in '/home/marti/IKRA'
[1.018s] Level 1:colcon.colcon_core.package_identification:_identify(.) by extensions ['ignore', 'ignore_ament_install']
[1.019s] Level 1:colcon.colcon_core.package_identification:_identify(.) by extension 'ignore'
[1.019s] Level 1:colcon.colcon_core.package_identification:_identify(.) by extension 'ignore_ament_install'
[1.020s] Level 1:colcon.colcon_core.package_identification:_identify(.) by extensions ['colcon_pkg']
[1.020s] Level 1:colcon.colcon_core.package_identification:_identify(.) by extension 'colcon_pkg'
[1.021s] Level 1:colcon.colcon_core.package_identification:_identify(.) by extensions ['colcon_meta']
[1.021s] Level 1:colcon.colcon_core.package_identification:_identify(.) by extension 'colcon_meta'
[1.022s] Level 1:colcon.colcon_core.package_identification:_identify(.) by extensions ['ros']
[1.022s] Level 1:colcon.colcon_core.package_identification:_identify(.) by extension 'ros'
[1.073s] Level 1:colcon.colcon_core.package_identification:_identify(.) by extensions ['cmake', 'python']
[1.074s] Level 1:colcon.colcon_core.package_identification:_identify(.) by extension 'cmake'
[1.074s] Level 1:colcon.colcon_core.package_identification:_identify(.) by extension 'python'
[1.075s] Level 1:colcon.colcon_core.package_identification:_identify(.) by extensions ['python_setup_py']
[1.075s] Level 1:colcon.colcon_core.package_identification:_identify(.) by extension 'python_setup_py'
[1.076s] Level 1:colcon.colcon_core.package_identification:_identify(build) by extensions ['ignore', 'ignore_ament_install']
[1.076s] Level 1:colcon.colcon_core.package_identification:_identify(build) by extension 'ignore'
[1.077s] Level 1:colcon.colcon_core.package_identification:_identify(build) ignored
[1.077s] Level 1:colcon.colcon_core.package_identification:_identify(install) by extensions ['ignore', 'ignore_ament_install']
[1.078s] Level 1:colcon.colcon_core.package_identification:_identify(install) by extension 'ignore'
[1.078s] Level 1:colcon.colcon_core.package_identification:_identify(install) ignored
[1.079s] Level 1:colcon.colcon_core.package_identification:_identify(log) by extensions ['ignore', 'ignore_ament_install']
[1.080s] Level 1:colcon.colcon_core.package_identification:_identify(log) by extension 'ignore'
[1.080s] Level 1:colcon.colcon_core.package_identification:_identify(log) ignored
[1.080s] Level 1:colcon.colcon_core.package_identification:_identify(src) by extensions ['ignore', 'ignore_ament_install']
[1.081s] Level 1:colcon.colcon_core.package_identification:_identify(src) by extension 'ignore'
[1.081s] Level 1:colcon.colcon_core.package_identification:_identify(src) by extension 'ignore_ament_install'
[1.082s] Level 1:colcon.colcon_core.package_identification:_identify(src) by extensions ['colcon_pkg']
[1.082s] Level 1:colcon.colcon_core.package_identification:_identify(src) by extension 'colcon_pkg'
[1.082s] Level 1:colcon.colcon_core.package_identification:_identify(src) by extensions ['colcon_meta']
[1.082s] Level 1:colcon.colcon_core.package_identification:_identify(src) by extension 'colcon_meta'
[1.083s] Level 1:colcon.colcon_core.package_identification:_identify(src) by extensions ['ros']
[1.083s] Level 1:colcon.colcon_core.package_identification:_identify(src) by extension 'ros'
[1.083s] Level 1:colcon.colcon_core.package_identification:_identify(src) by extensions ['cmake', 'python']
[1.083s] Level 1:colcon.colcon_core.package_identification:_identify(src) by extension 'cmake'
[1.084s] Level 1:colcon.colcon_core.package_identification:_identify(src) by extension 'python'
[1.084s] Level 1:colcon.colcon_core.package_identification:_identify(src) by extensions ['python_setup_py']
[1.084s] Level 1:colcon.colcon_core.package_identification:_identify(src) by extension 'python_setup_py'
[1.085s] Level 1:colcon.colcon_core.package_identification:_identify(src/robot_arm_control) by extensions ['ignore', 'ignore_ament_install']
[1.085s] Level 1:colcon.colcon_core.package_identification:_identify(src/robot_arm_control) by extension 'ignore'
[1.086s] Level 1:colcon.colcon_core.package_identification:_identify(src/robot_arm_control) by extension 'ignore_ament_install'
[1.086s] Level 1:colcon.colcon_core.package_identification:_identify(src/robot_arm_control) by extensions ['colcon_pkg']
[1.086s] Level 1:colcon.colcon_core.package_identification:_identify(src/robot_arm_control) by extension 'colcon_pkg'
[1.086s] Level 1:colcon.colcon_core.package_identification:_identify(src/robot_arm_control) by extensions ['colcon_meta']
[1.087s] Level 1:colcon.colcon_core.package_identification:_identify(src/robot_arm_control) by extension 'colcon_meta'
[1.087s] Level 1:colcon.colcon_core.package_identification:_identify(src/robot_arm_control) by extensions ['ros']
[1.087s] Level 1:colcon.colcon_core.package_identification:_identify(src/robot_arm_control) by extension 'ros'
[1.100s] DEBUG:colcon.colcon_core.package_identification:Package 'src/robot_arm_control' with type 'ros.ament_cmake' and name 'robot_arm_control'
[1.101s] Level 1:colcon.colcon_core.package_discovery:discover_packages(recursive) using defaults
[1.101s] Level 1:colcon.colcon_core.package_discovery:discover_packages(ignore) discover
[1.101s] Level 1:colcon.colcon_core.package_discovery:discover_packages(ignore) using defaults
[1.101s] Level 1:colcon.colcon_core.package_discovery:discover_packages(path) discover
[1.102s] Level 1:colcon.colcon_core.package_discovery:discover_packages(path) using defaults
[1.163s] Level 1:colcon.colcon_core.package_discovery:discover_packages(prefix_path) check parameters
[1.163s] Level 1:colcon.colcon_core.package_discovery:discover_packages(prefix_path) discover
[1.167s] DEBUG:colcon.colcon_installed_package_information.package_discovery:Found 0 installed packages in /home/marti/ros2_ws/install
[1.168s] DEBUG:colcon.colcon_installed_package_information.package_discovery:Found 1 installed packages in /home/marti/IKRA/install
[1.171s] DEBUG:colcon.colcon_installed_package_information.package_discovery:Found 274 installed packages in /opt/ros/rolling
[1.196s] Level 1:colcon.colcon_core.package_discovery:discover_packages(prefix_path) using defaults
[1.387s] Level 5:colcon.colcon_core.verb:set package 'robot_arm_control' build argument 'cmake_args' from command line to 'None'
[1.387s] Level 5:colcon.colcon_core.verb:set package 'robot_arm_control' build argument 'cmake_target' from command line to 'None'
[1.387s] Level 5:colcon.colcon_core.verb:set package 'robot_arm_control' build argument 'cmake_target_skip_unavailable' from command line to 'False'
[1.387s] Level 5:colcon.colcon_core.verb:set package 'robot_arm_control' build argument 'cmake_clean_cache' from command line to 'False'
[1.387s] Level 5:colcon.colcon_core.verb:set package 'robot_arm_control' build argument 'cmake_clean_first' from command line to 'False'
[1.387s] Level 5:colcon.colcon_core.verb:set package 'robot_arm_control' build argument 'cmake_force_configure' from command line to 'False'
[1.387s] Level 5:colcon.colcon_core.verb:set package 'robot_arm_control' build argument 'ament_cmake_args' from command line to 'None'
[1.388s] Level 5:colcon.colcon_core.verb:set package 'robot_arm_control' build argument 'catkin_cmake_args' from command line to 'None'
[1.388s] Level 5:colcon.colcon_core.verb:set package 'robot_arm_control' build argument 'catkin_skip_building_tests' from command line to 'False'
[1.388s] DEBUG:colcon.colcon_core.verb:Building package 'robot_arm_control' with the following arguments: {'ament_cmake_args': None, 'build_base': '/home/marti/IKRA/build/robot_arm_control', 'catkin_cmake_args': None, 'catkin_skip_building_tests': False, 'cmake_args': None, 'cmake_clean_cache': False, 'cmake_clean_first': False, 'cmake_force_configure': False, 'cmake_target': None, 'cmake_target_skip_unavailable': False, 'install_base': '/home/marti/IKRA/install/robot_arm_control', 'merge_install': False, 'path': '/home/marti/IKRA/src/robot_arm_control', 'symlink_install': False, 'test_result_base': None}
[1.388s] INFO:colcon.colcon_core.executor:Executing jobs using 'parallel' executor
[1.392s] DEBUG:colcon.colcon_parallel_executor.executor.parallel:run_until_complete
[1.394s] INFO:colcon.colcon_ros.task.ament_cmake.build:Building ROS package in '/home/marti/IKRA/src/robot_arm_control' with build type 'ament_cmake'
[1.395s] INFO:colcon.colcon_cmake.task.cmake.build:Building CMake package in '/home/marti/IKRA/src/robot_arm_control'
[1.400s] INFO:colcon.colcon_core.plugin_system:Skipping extension 'colcon_core.shell.bat': Not used on non-Windows systems
[1.401s] INFO:colcon.colcon_core.shell:Skip shell extension 'powershell' for command environment: Not usable outside of PowerShell
[1.401s] DEBUG:colcon.colcon_core.shell:Skip shell extension 'dsv' for command environment
[1.440s] DEBUG:colcon.colcon_core.event_handler.log_command:Invoking command in '/home/marti/IKRA/build/robot_arm_control': CMAKE_PREFIX_PATH=${CMAKE_PREFIX_PATH}:/opt/ros/rolling /usr/bin/cmake --build /home/marti/IKRA/build/robot_arm_control -- -j8 -l8
[15.890s] DEBUG:colcon.colcon_core.event_handler.log_command:Invoked command in '/home/marti/IKRA/build/robot_arm_control' returned '0': CMAKE_PREFIX_PATH=${CMAKE_PREFIX_PATH}:/opt/ros/rolling /usr/bin/cmake --build /home/marti/IKRA/build/robot_arm_control -- -j8 -l8
[15.914s] DEBUG:colcon.colcon_core.event_handler.log_command:Invoking command in '/home/marti/IKRA/build/robot_arm_control': CMAKE_PREFIX_PATH=${CMAKE_PREFIX_PATH}:/opt/ros/rolling /usr/bin/cmake --install /home/marti/IKRA/build/robot_arm_control
[15.951s] Level 1:colcon.colcon_core.environment:create_environment_scripts_only(robot_arm_control)
[15.954s] DEBUG:colcon.colcon_core.event_handler.log_command:Invoked command in '/home/marti/IKRA/build/robot_arm_control' returned '0': CMAKE_PREFIX_PATH=${CMAKE_PREFIX_PATH}:/opt/ros/rolling /usr/bin/cmake --install /home/marti/IKRA/build/robot_arm_control
[15.961s] Level 1:colcon.colcon_core.environment:checking '/home/marti/IKRA/install/robot_arm_control' for CMake module files
[15.962s] Level 1:colcon.colcon_core.environment:checking '/home/marti/IKRA/install/robot_arm_control' for CMake config files
[15.963s] Level 1:colcon.colcon_core.shell:create_environment_hook('robot_arm_control', 'cmake_prefix_path')
[15.963s] INFO:colcon.colcon_core.shell:Creating environment hook '/home/marti/IKRA/install/robot_arm_control/share/robot_arm_control/hook/cmake_prefix_path.ps1'
[15.966s] INFO:colcon.colcon_core.shell:Creating environment descriptor '/home/marti/IKRA/install/robot_arm_control/share/robot_arm_control/hook/cmake_prefix_path.dsv'
[15.967s] INFO:colcon.colcon_core.shell:Creating environment hook '/home/marti/IKRA/install/robot_arm_control/share/robot_arm_control/hook/cmake_prefix_path.sh'
[15.971s] Level 1:colcon.colcon_core.environment:checking '/home/marti/IKRA/install/robot_arm_control/lib'
[15.972s] Level 1:colcon.colcon_core.environment:checking '/home/marti/IKRA/install/robot_arm_control/bin'
[15.973s] Level 1:colcon.colcon_core.environment:checking '/home/marti/IKRA/install/robot_arm_control/lib/pkgconfig/robot_arm_control.pc'
[15.973s] Level 1:colcon.colcon_core.environment:checking '/home/marti/IKRA/install/robot_arm_control/lib/python3.8/site-packages'
[15.974s] Level 1:colcon.colcon_core.environment:checking '/home/marti/IKRA/install/robot_arm_control/bin'
[15.975s] INFO:colcon.colcon_core.shell:Creating package script '/home/marti/IKRA/install/robot_arm_control/share/robot_arm_control/package.ps1'
[15.977s] INFO:colcon.colcon_core.shell:Creating package descriptor '/home/marti/IKRA/install/robot_arm_control/share/robot_arm_control/package.dsv'
[15.978s] INFO:colcon.colcon_core.shell:Creating package script '/home/marti/IKRA/install/robot_arm_control/share/robot_arm_control/package.sh'
[15.980s] INFO:colcon.colcon_core.shell:Creating package script '/home/marti/IKRA/install/robot_arm_control/share/robot_arm_control/package.bash'
[15.983s] INFO:colcon.colcon_core.shell:Creating package script '/home/marti/IKRA/install/robot_arm_control/share/robot_arm_control/package.zsh'
[15.986s] Level 1:colcon.colcon_core.environment:create_file_with_runtime_dependencies(/home/marti/IKRA/install/robot_arm_control/share/colcon-core/packages/robot_arm_control)
[15.989s] Level 1:colcon.colcon_core.environment:create_environment_scripts_only(robot_arm_control)
[15.990s] Level 1:colcon.colcon_core.environment:checking '/home/marti/IKRA/install/robot_arm_control' for CMake module files
[15.991s] Level 1:colcon.colcon_core.environment:checking '/home/marti/IKRA/install/robot_arm_control' for CMake config files
[15.992s] Level 1:colcon.colcon_core.shell:create_environment_hook('robot_arm_control', 'cmake_prefix_path')
[15.993s] INFO:colcon.colcon_core.shell:Creating environment hook '/home/marti/IKRA/install/robot_arm_control/share/robot_arm_control/hook/cmake_prefix_path.ps1'
[15.994s] INFO:colcon.colcon_core.shell:Creating environment descriptor '/home/marti/IKRA/install/robot_arm_control/share/robot_arm_control/hook/cmake_prefix_path.dsv'
[15.996s] INFO:colcon.colcon_core.shell:Creating environment hook '/home/marti/IKRA/install/robot_arm_control/share/robot_arm_control/hook/cmake_prefix_path.sh'
[15.997s] Level 1:colcon.colcon_core.environment:checking '/home/marti/IKRA/install/robot_arm_control/lib'
[15.998s] Level 1:colcon.colcon_core.environment:checking '/home/marti/IKRA/install/robot_arm_control/bin'
[15.998s] Level 1:colcon.colcon_core.environment:checking '/home/marti/IKRA/install/robot_arm_control/lib/pkgconfig/robot_arm_control.pc'
[15.999s] Level 1:colcon.colcon_core.environment:checking '/home/marti/IKRA/install/robot_arm_control/lib/python3.8/site-packages'
[15.999s] Level 1:colcon.colcon_core.environment:checking '/home/marti/IKRA/install/robot_arm_control/bin'
[16.000s] INFO:colcon.colcon_core.shell:Creating package script '/home/marti/IKRA/install/robot_arm_control/share/robot_arm_control/package.ps1'
[16.002s] INFO:colcon.colcon_core.shell:Creating package descriptor '/home/marti/IKRA/install/robot_arm_control/share/robot_arm_control/package.dsv'
[16.003s] INFO:colcon.colcon_core.shell:Creating package script '/home/marti/IKRA/install/robot_arm_control/share/robot_arm_control/package.sh'
[16.005s] INFO:colcon.colcon_core.shell:Creating package script '/home/marti/IKRA/install/robot_arm_control/share/robot_arm_control/package.bash'
[16.006s] INFO:colcon.colcon_core.shell:Creating package script '/home/marti/IKRA/install/robot_arm_control/share/robot_arm_control/package.zsh'
[16.007s] Level 1:colcon.colcon_core.environment:create_file_with_runtime_dependencies(/home/marti/IKRA/install/robot_arm_control/share/colcon-core/packages/robot_arm_control)
[16.009s] DEBUG:colcon.colcon_parallel_executor.executor.parallel:closing loop
[16.011s] DEBUG:colcon.colcon_parallel_executor.executor.parallel:loop closed
[16.011s] DEBUG:colcon.colcon_parallel_executor.executor.parallel:run_until_complete finished with '0'
[16.012s] DEBUG:colcon.colcon_core.event_reactor:joining thread
[16.120s] INFO:colcon.colcon_core.plugin_system:Skipping extension 'colcon_notification.desktop_notification.notify_send': Could not find 'notify-send'
[16.121s] INFO:colcon.colcon_core.plugin_system:Skipping extension 'colcon_notification.desktop_notification.terminal_notifier': Not used on non-Darwin systems
[16.122s] INFO:colcon.colcon_core.plugin_system:Skipping extension 'colcon_notification.desktop_notification.win32': Not used on non-Windows systems
[16.122s] INFO:colcon.colcon_notification.desktop_notification:Sending desktop notification using 'notify2'
[16.127s] DEBUG:colcon.colcon_notification.desktop_notification.notify2:Failed to initialize notify2: org.freedesktop.DBus.Error.ServiceUnknown: The name org.freedesktop.Notifications was not provided by any .service files
[16.128s] DEBUG:colcon.colcon_core.event_reactor:joined thread
[16.129s] INFO:colcon.colcon_core.shell:Creating prefix script '/home/marti/IKRA/install/local_setup.ps1'
[16.134s] INFO:colcon.colcon_core.shell:Creating prefix util module '/home/marti/IKRA/install/_local_setup_util_ps1.py'
[16.141s] INFO:colcon.colcon_core.shell:Creating prefix chain script '/home/marti/IKRA/install/setup.ps1'
[16.147s] INFO:colcon.colcon_core.shell:Creating prefix script '/home/marti/IKRA/install/local_setup.sh'
[16.150s] INFO:colcon.colcon_core.shell:Creating prefix util module '/home/marti/IKRA/install/_local_setup_util_sh.py'
[16.154s] INFO:colcon.colcon_core.shell:Creating prefix chain script '/home/marti/IKRA/install/setup.sh'
[16.160s] INFO:colcon.colcon_core.shell:Creating prefix script '/home/marti/IKRA/install/local_setup.bash'
[16.163s] INFO:colcon.colcon_core.shell:Creating prefix chain script '/home/marti/IKRA/install/setup.bash'
[16.168s] INFO:colcon.colcon_core.shell:Creating prefix script '/home/marti/IKRA/install/local_setup.zsh'
[16.174s] INFO:colcon.colcon_core.shell:Creating prefix chain script '/home/marti/IKRA/install/setup.zsh'
