[0.256s] DEBUG:colcon:Command line arguments: ['/usr/bin/colcon', 'build', '--packages-select', 'robot_arm_control']
[0.256s] DEBUG:colcon:Parsed command line arguments: Namespace(allow_overriding=[], ament_cmake_args=None, base_paths=['.'], build_base='build', catkin_cmake_args=None, catkin_skip_building_tests=False, cmake_args=None, cmake_clean_cache=False, cmake_clean_first=False, cmake_force_configure=False, cmake_target=None, cmake_target_skip_unavailable=False, continue_on_error=False, event_handlers=None, executor='parallel', ignore_user_meta=False, install_base='install', log_base=None, log_level=None, main=<bound method BuildVerb.main of <colcon_core.verb.build.BuildVerb object at 0x7feac37fc160>>, merge_install=False, metas=['./colcon.meta'], packages_above=None, packages_above_and_dependencies=None, packages_above_depth=None, packages_end=None, packages_ignore=None, packages_ignore_regex=None, packages_select=['robot_arm_control'], packages_select_build_failed=False, packages_select_by_dep=None, packages_select_regex=None, packages_select_test_failures=False, packages_skip=None, packages_skip_build_finished=False, packages_skip_by_dep=None, packages_skip_regex=None, packages_skip_test_passed=False, packages_skip_up_to=None, packages_start=None, packages_up_to=None, packages_up_to_regex=None, parallel_workers=8, paths=None, symlink_install=False, test_result_base=None, verb_extension=<colcon_core.verb.build.BuildVerb object at 0x7feac37fc160>, verb_name='build', verb_parser=<colcon_defaults.argument_parser.defaults.DefaultArgumentsDecorator object at 0x7feac363a310>)
[0.418s] Level 1:colcon.colcon_core.package_discovery:discover_packages(colcon_meta) check parameters
[0.418s] Level 1:colcon.colcon_core.package_discovery:discover_packages(recursive) check parameters
[0.418s] Level 1:colcon.colcon_core.package_discovery:discover_packages(ignore) check parameters
[0.418s] Level 1:colcon.colcon_core.package_discovery:discover_packages(path) check parameters
[0.418s] Level 1:colcon.colcon_core.package_discovery:discover_packages(colcon_meta) discover
[0.418s] Level 1:colcon.colcon_core.package_discovery:discover_packages(recursive) discover
[0.418s] INFO:colcon.colcon_core.package_discovery:Crawling recursively for packages in '/home/marti/IKRA'
[0.418s] Level 1:colcon.colcon_core.package_identification:_identify(.) by extensions ['ignore', 'ignore_ament_install']
[0.419s] Level 1:colcon.colcon_core.package_identification:_identify(.) by extension 'ignore'
[0.419s] Level 1:colcon.colcon_core.package_identification:_identify(.) by extension 'ignore_ament_install'
[0.419s] Level 1:colcon.colcon_core.package_identification:_identify(.) by extensions ['colcon_pkg']
[0.419s] Level 1:colcon.colcon_core.package_identification:_identify(.) by extension 'colcon_pkg'
[0.419s] Level 1:colcon.colcon_core.package_identification:_identify(.) by extensions ['colcon_meta']
[0.419s] Level 1:colcon.colcon_core.package_identification:_identify(.) by extension 'colcon_meta'
[0.419s] Level 1:colcon.colcon_core.package_identification:_identify(.) by extensions ['ros']
[0.419s] Level 1:colcon.colcon_core.package_identification:_identify(.) by extension 'ros'
[0.430s] Level 1:colcon.colcon_core.package_identification:_identify(.) by extensions ['cmake', 'python']
[0.430s] Level 1:colcon.colcon_core.package_identification:_identify(.) by extension 'cmake'
[0.430s] Level 1:colcon.colcon_core.package_identification:_identify(.) by extension 'python'
[0.430s] Level 1:colcon.colcon_core.package_identification:_identify(.) by extensions ['python_setup_py']
[0.430s] Level 1:colcon.colcon_core.package_identification:_identify(.) by extension 'python_setup_py'
[0.430s] Level 1:colcon.colcon_core.package_identification:_identify(build) by extensions ['ignore', 'ignore_ament_install']
[0.430s] Level 1:colcon.colcon_core.package_identification:_identify(build) by extension 'ignore'
[0.430s] Level 1:colcon.colcon_core.package_identification:_identify(build) ignored
[0.430s] Level 1:colcon.colcon_core.package_identification:_identify(install) by extensions ['ignore', 'ignore_ament_install']
[0.430s] Level 1:colcon.colcon_core.package_identification:_identify(install) by extension 'ignore'
[0.431s] Level 1:colcon.colcon_core.package_identification:_identify(install) ignored
[0.431s] Level 1:colcon.colcon_core.package_identification:_identify(log) by extensions ['ignore', 'ignore_ament_install']
[0.431s] Level 1:colcon.colcon_core.package_identification:_identify(log) by extension 'ignore'
[0.431s] Level 1:colcon.colcon_core.package_identification:_identify(log) ignored
[0.431s] Level 1:colcon.colcon_core.package_identification:_identify(src) by extensions ['ignore', 'ignore_ament_install']
[0.431s] Level 1:colcon.colcon_core.package_identification:_identify(src) by extension 'ignore'
[0.431s] Level 1:colcon.colcon_core.package_identification:_identify(src) by extension 'ignore_ament_install'
[0.431s] Level 1:colcon.colcon_core.package_identification:_identify(src) by extensions ['colcon_pkg']
[0.431s] Level 1:colcon.colcon_core.package_identification:_identify(src) by extension 'colcon_pkg'
[0.431s] Level 1:colcon.colcon_core.package_identification:_identify(src) by extensions ['colcon_meta']
[0.431s] Level 1:colcon.colcon_core.package_identification:_identify(src) by extension 'colcon_meta'
[0.431s] Level 1:colcon.colcon_core.package_identification:_identify(src) by extensions ['ros']
[0.432s] Level 1:colcon.colcon_core.package_identification:_identify(src) by extension 'ros'
[0.432s] Level 1:colcon.colcon_core.package_identification:_identify(src) by extensions ['cmake', 'python']
[0.432s] Level 1:colcon.colcon_core.package_identification:_identify(src) by extension 'cmake'
[0.432s] Level 1:colcon.colcon_core.package_identification:_identify(src) by extension 'python'
[0.432s] Level 1:colcon.colcon_core.package_identification:_identify(src) by extensions ['python_setup_py']
[0.432s] Level 1:colcon.colcon_core.package_identification:_identify(src) by extension 'python_setup_py'
[0.432s] Level 1:colcon.colcon_core.package_identification:_identify(src/robot_arm_control) by extensions ['ignore', 'ignore_ament_install']
[0.432s] Level 1:colcon.colcon_core.package_identification:_identify(src/robot_arm_control) by extension 'ignore'
[0.432s] Level 1:colcon.colcon_core.package_identification:_identify(src/robot_arm_control) by extension 'ignore_ament_install'
[0.432s] Level 1:colcon.colcon_core.package_identification:_identify(src/robot_arm_control) by extensions ['colcon_pkg']
[0.433s] Level 1:colcon.colcon_core.package_identification:_identify(src/robot_arm_control) by extension 'colcon_pkg'
[0.433s] Level 1:colcon.colcon_core.package_identification:_identify(src/robot_arm_control) by extensions ['colcon_meta']
[0.433s] Level 1:colcon.colcon_core.package_identification:_identify(src/robot_arm_control) by extension 'colcon_meta'
[0.433s] Level 1:colcon.colcon_core.package_identification:_identify(src/robot_arm_control) by extensions ['ros']
[0.433s] Level 1:colcon.colcon_core.package_identification:_identify(src/robot_arm_control) by extension 'ros'
[0.435s] DEBUG:colcon.colcon_core.package_identification:Package 'src/robot_arm_control' with type 'ros.ament_cmake' and name 'robot_arm_control'
[0.435s] Level 1:colcon.colcon_core.package_discovery:discover_packages(recursive) using defaults
[0.435s] Level 1:colcon.colcon_core.package_discovery:discover_packages(ignore) discover
[0.435s] Level 1:colcon.colcon_core.package_discovery:discover_packages(ignore) using defaults
[0.435s] Level 1:colcon.colcon_core.package_discovery:discover_packages(path) discover
[0.435s] Level 1:colcon.colcon_core.package_discovery:discover_packages(path) using defaults
[0.449s] Level 1:colcon.colcon_core.package_discovery:discover_packages(prefix_path) check parameters
[0.450s] Level 1:colcon.colcon_core.package_discovery:discover_packages(prefix_path) discover
[0.451s] WARNING:colcon.colcon_ros.prefix_path.ament:The path '/home/marti/IKRA/install/robot_arm_control' in the environment variable AMENT_PREFIX_PATH doesn't exist
[0.451s] WARNING:colcon.colcon_ros.prefix_path.catkin:The path '/home/marti/IKRA/install/robot_arm_control' in the environment variable CMAKE_PREFIX_PATH doesn't exist
[0.452s] DEBUG:colcon.colcon_installed_package_information.package_discovery:Found 0 installed packages in /home/marti/IKRA/install
[0.453s] DEBUG:colcon.colcon_installed_package_information.package_discovery:Found 274 installed packages in /opt/ros/rolling
[0.466s] Level 1:colcon.colcon_core.package_discovery:discover_packages(prefix_path) using defaults
[0.545s] Level 5:colcon.colcon_core.verb:set package 'robot_arm_control' build argument 'cmake_args' from command line to 'None'
[0.545s] Level 5:colcon.colcon_core.verb:set package 'robot_arm_control' build argument 'cmake_target' from command line to 'None'
[0.545s] Level 5:colcon.colcon_core.verb:set package 'robot_arm_control' build argument 'cmake_target_skip_unavailable' from command line to 'False'
[0.545s] Level 5:colcon.colcon_core.verb:set package 'robot_arm_control' build argument 'cmake_clean_cache' from command line to 'False'
[0.545s] Level 5:colcon.colcon_core.verb:set package 'robot_arm_control' build argument 'cmake_clean_first' from command line to 'False'
[0.545s] Level 5:colcon.colcon_core.verb:set package 'robot_arm_control' build argument 'cmake_force_configure' from command line to 'False'
[0.545s] Level 5:colcon.colcon_core.verb:set package 'robot_arm_control' build argument 'ament_cmake_args' from command line to 'None'
[0.545s] Level 5:colcon.colcon_core.verb:set package 'robot_arm_control' build argument 'catkin_cmake_args' from command line to 'None'
[0.545s] Level 5:colcon.colcon_core.verb:set package 'robot_arm_control' build argument 'catkin_skip_building_tests' from command line to 'False'
[0.545s] DEBUG:colcon.colcon_core.verb:Building package 'robot_arm_control' with the following arguments: {'ament_cmake_args': None, 'build_base': '/home/marti/IKRA/build/robot_arm_control', 'catkin_cmake_args': None, 'catkin_skip_building_tests': False, 'cmake_args': None, 'cmake_clean_cache': False, 'cmake_clean_first': False, 'cmake_force_configure': False, 'cmake_target': None, 'cmake_target_skip_unavailable': False, 'install_base': '/home/marti/IKRA/install/robot_arm_control', 'merge_install': False, 'path': '/home/marti/IKRA/src/robot_arm_control', 'symlink_install': False, 'test_result_base': None}
[0.545s] INFO:colcon.colcon_core.executor:Executing jobs using 'parallel' executor
[0.547s] DEBUG:colcon.colcon_parallel_executor.executor.parallel:run_until_complete
[0.547s] INFO:colcon.colcon_ros.task.ament_cmake.build:Building ROS package in '/home/marti/IKRA/src/robot_arm_control' with build type 'ament_cmake'
[0.547s] INFO:colcon.colcon_cmake.task.cmake.build:Building CMake package in '/home/marti/IKRA/src/robot_arm_control'
[0.550s] INFO:colcon.colcon_core.plugin_system:Skipping extension 'colcon_core.shell.bat': Not used on non-Windows systems
[0.551s] INFO:colcon.colcon_core.shell:Skip shell extension 'powershell' for command environment: Not usable outside of PowerShell
[0.551s] DEBUG:colcon.colcon_core.shell:Skip shell extension 'dsv' for command environment
[0.571s] DEBUG:colcon.colcon_core.event_handler.log_command:Invoking command in '/home/marti/IKRA/build/robot_arm_control': CMAKE_PREFIX_PATH=${CMAKE_PREFIX_PATH}:/opt/ros/rolling /usr/bin/cmake /home/marti/IKRA/src/robot_arm_control -DCMAKE_INSTALL_PREFIX=/home/marti/IKRA/install/robot_arm_control
[2.623s] DEBUG:colcon.colcon_core.event_handler.log_command:Invoked command in '/home/marti/IKRA/build/robot_arm_control' returned '0': CMAKE_PREFIX_PATH=${CMAKE_PREFIX_PATH}:/opt/ros/rolling /usr/bin/cmake /home/marti/IKRA/src/robot_arm_control -DCMAKE_INSTALL_PREFIX=/home/marti/IKRA/install/robot_arm_control
[2.628s] DEBUG:colcon.colcon_core.event_handler.log_command:Invoking command in '/home/marti/IKRA/build/robot_arm_control': CMAKE_PREFIX_PATH=${CMAKE_PREFIX_PATH}:/opt/ros/rolling /usr/bin/cmake --build /home/marti/IKRA/build/robot_arm_control -- -j8 -l8
[8.706s] DEBUG:colcon.colcon_core.event_handler.log_command:Invoked command in '/home/marti/IKRA/build/robot_arm_control' returned '0': CMAKE_PREFIX_PATH=${CMAKE_PREFIX_PATH}:/opt/ros/rolling /usr/bin/cmake --build /home/marti/IKRA/build/robot_arm_control -- -j8 -l8
[8.725s] DEBUG:colcon.colcon_core.event_handler.log_command:Invoking command in '/home/marti/IKRA/build/robot_arm_control': CMAKE_PREFIX_PATH=${CMAKE_PREFIX_PATH}:/opt/ros/rolling /usr/bin/cmake --install /home/marti/IKRA/build/robot_arm_control
[8.740s] Level 1:colcon.colcon_core.environment:create_environment_scripts_only(robot_arm_control)
[8.741s] DEBUG:colcon.colcon_core.event_handler.log_command:Invoked command in '/home/marti/IKRA/build/robot_arm_control' returned '0': CMAKE_PREFIX_PATH=${CMAKE_PREFIX_PATH}:/opt/ros/rolling /usr/bin/cmake --install /home/marti/IKRA/build/robot_arm_control
[8.744s] Level 1:colcon.colcon_core.environment:checking '/home/marti/IKRA/install/robot_arm_control' for CMake module files
[8.745s] Level 1:colcon.colcon_core.environment:checking '/home/marti/IKRA/install/robot_arm_control' for CMake config files
[8.745s] Level 1:colcon.colcon_core.shell:create_environment_hook('robot_arm_control', 'cmake_prefix_path')
[8.746s] INFO:colcon.colcon_core.shell:Creating environment hook '/home/marti/IKRA/install/robot_arm_control/share/robot_arm_control/hook/cmake_prefix_path.ps1'
[8.747s] INFO:colcon.colcon_core.shell:Creating environment descriptor '/home/marti/IKRA/install/robot_arm_control/share/robot_arm_control/hook/cmake_prefix_path.dsv'
[8.748s] INFO:colcon.colcon_core.shell:Creating environment hook '/home/marti/IKRA/install/robot_arm_control/share/robot_arm_control/hook/cmake_prefix_path.sh'
[8.748s] Level 1:colcon.colcon_core.environment:checking '/home/marti/IKRA/install/robot_arm_control/lib'
[8.749s] Level 1:colcon.colcon_core.environment:checking '/home/marti/IKRA/install/robot_arm_control/bin'
[8.749s] Level 1:colcon.colcon_core.environment:checking '/home/marti/IKRA/install/robot_arm_control/lib/pkgconfig/robot_arm_control.pc'
[8.749s] Level 1:colcon.colcon_core.environment:checking '/home/marti/IKRA/install/robot_arm_control/lib/python3.8/site-packages'
[8.749s] Level 1:colcon.colcon_core.environment:checking '/home/marti/IKRA/install/robot_arm_control/bin'
[8.749s] INFO:colcon.colcon_core.shell:Creating package script '/home/marti/IKRA/install/robot_arm_control/share/robot_arm_control/package.ps1'
[8.750s] INFO:colcon.colcon_core.shell:Creating package descriptor '/home/marti/IKRA/install/robot_arm_control/share/robot_arm_control/package.dsv'
[8.751s] INFO:colcon.colcon_core.shell:Creating package script '/home/marti/IKRA/install/robot_arm_control/share/robot_arm_control/package.sh'
[8.753s] INFO:colcon.colcon_core.shell:Creating package script '/home/marti/IKRA/install/robot_arm_control/share/robot_arm_control/package.bash'
[8.754s] INFO:colcon.colcon_core.shell:Creating package script '/home/marti/IKRA/install/robot_arm_control/share/robot_arm_control/package.zsh'
[8.754s] Level 1:colcon.colcon_core.environment:create_file_with_runtime_dependencies(/home/marti/IKRA/install/robot_arm_control/share/colcon-core/packages/robot_arm_control)
[8.756s] Level 1:colcon.colcon_core.environment:create_environment_scripts_only(robot_arm_control)
[8.756s] Level 1:colcon.colcon_core.environment:checking '/home/marti/IKRA/install/robot_arm_control' for CMake module files
[8.757s] Level 1:colcon.colcon_core.environment:checking '/home/marti/IKRA/install/robot_arm_control' for CMake config files
[8.757s] Level 1:colcon.colcon_core.shell:create_environment_hook('robot_arm_control', 'cmake_prefix_path')
[8.758s] INFO:colcon.colcon_core.shell:Creating environment hook '/home/marti/IKRA/install/robot_arm_control/share/robot_arm_control/hook/cmake_prefix_path.ps1'
[8.758s] INFO:colcon.colcon_core.shell:Creating environment descriptor '/home/marti/IKRA/install/robot_arm_control/share/robot_arm_control/hook/cmake_prefix_path.dsv'
[8.759s] INFO:colcon.colcon_core.shell:Creating environment hook '/home/marti/IKRA/install/robot_arm_control/share/robot_arm_control/hook/cmake_prefix_path.sh'
[8.760s] Level 1:colcon.colcon_core.environment:checking '/home/marti/IKRA/install/robot_arm_control/lib'
[8.760s] Level 1:colcon.colcon_core.environment:checking '/home/marti/IKRA/install/robot_arm_control/bin'
[8.760s] Level 1:colcon.colcon_core.environment:checking '/home/marti/IKRA/install/robot_arm_control/lib/pkgconfig/robot_arm_control.pc'
[8.760s] Level 1:colcon.colcon_core.environment:checking '/home/marti/IKRA/install/robot_arm_control/lib/python3.8/site-packages'
[8.760s] Level 1:colcon.colcon_core.environment:checking '/home/marti/IKRA/install/robot_arm_control/bin'
[8.761s] INFO:colcon.colcon_core.shell:Creating package script '/home/marti/IKRA/install/robot_arm_control/share/robot_arm_control/package.ps1'
[8.761s] INFO:colcon.colcon_core.shell:Creating package descriptor '/home/marti/IKRA/install/robot_arm_control/share/robot_arm_control/package.dsv'
[8.762s] INFO:colcon.colcon_core.shell:Creating package script '/home/marti/IKRA/install/robot_arm_control/share/robot_arm_control/package.sh'
[8.763s] INFO:colcon.colcon_core.shell:Creating package script '/home/marti/IKRA/install/robot_arm_control/share/robot_arm_control/package.bash'
[8.763s] INFO:colcon.colcon_core.shell:Creating package script '/home/marti/IKRA/install/robot_arm_control/share/robot_arm_control/package.zsh'
[8.764s] Level 1:colcon.colcon_core.environment:create_file_with_runtime_dependencies(/home/marti/IKRA/install/robot_arm_control/share/colcon-core/packages/robot_arm_control)
[8.764s] DEBUG:colcon.colcon_parallel_executor.executor.parallel:closing loop
[8.764s] DEBUG:colcon.colcon_parallel_executor.executor.parallel:loop closed
[8.765s] DEBUG:colcon.colcon_parallel_executor.executor.parallel:run_until_complete finished with '0'
[8.765s] DEBUG:colcon.colcon_core.event_reactor:joining thread
[8.804s] INFO:colcon.colcon_core.plugin_system:Skipping extension 'colcon_notification.desktop_notification.notify_send': Could not find 'notify-send'
[8.804s] INFO:colcon.colcon_core.plugin_system:Skipping extension 'colcon_notification.desktop_notification.terminal_notifier': Not used on non-Darwin systems
[8.804s] INFO:colcon.colcon_core.plugin_system:Skipping extension 'colcon_notification.desktop_notification.win32': Not used on non-Windows systems
[8.804s] INFO:colcon.colcon_notification.desktop_notification:Sending desktop notification using 'notify2'
[8.807s] DEBUG:colcon.colcon_notification.desktop_notification.notify2:Failed to initialize notify2: org.freedesktop.DBus.Error.ServiceUnknown: The name org.freedesktop.Notifications was not provided by any .service files
[8.807s] DEBUG:colcon.colcon_core.event_reactor:joined thread
[8.808s] INFO:colcon.colcon_core.shell:Creating prefix script '/home/marti/IKRA/install/local_setup.ps1'
[8.809s] INFO:colcon.colcon_core.shell:Creating prefix util module '/home/marti/IKRA/install/_local_setup_util_ps1.py'
[8.810s] INFO:colcon.colcon_core.shell:Creating prefix chain script '/home/marti/IKRA/install/setup.ps1'
[8.811s] INFO:colcon.colcon_core.shell:Creating prefix script '/home/marti/IKRA/install/local_setup.sh'
[8.812s] INFO:colcon.colcon_core.shell:Creating prefix util module '/home/marti/IKRA/install/_local_setup_util_sh.py'
[8.813s] INFO:colcon.colcon_core.shell:Creating prefix chain script '/home/marti/IKRA/install/setup.sh'
[8.814s] INFO:colcon.colcon_core.shell:Creating prefix script '/home/marti/IKRA/install/local_setup.bash'
[8.814s] INFO:colcon.colcon_core.shell:Creating prefix chain script '/home/marti/IKRA/install/setup.bash'
[8.815s] INFO:colcon.colcon_core.shell:Creating prefix script '/home/marti/IKRA/install/local_setup.zsh'
[8.816s] INFO:colcon.colcon_core.shell:Creating prefix chain script '/home/marti/IKRA/install/setup.zsh'
