[0.018s] Invoking command in '/home/marti/IKRA/build/robot_arm_control': CMAKE_PREFIX_PATH=${CMAKE_PREFIX_PATH}:/opt/ros/rolling /usr/bin/cmake /home/marti/IKRA/src/robot_arm_control -DCMAKE_INSTALL_PREFIX=/home/marti/IKRA/install/robot_arm_control
[0.192s] -- The C compiler identification is GNU 9.4.0
[0.375s] -- The CXX compiler identification is GNU 9.4.0
[0.467s] -- Check for working C compiler: /usr/bin/cc
[0.584s] -- Check for working C compiler: /usr/bin/cc -- works
[0.585s] -- Detecting C compiler ABI info
[0.703s] -- Detecting C compiler ABI info - done
[0.715s] -- Detecting C compile features
[0.715s] -- Detecting C compile features - done
[0.717s] -- Check for working CXX compiler: /usr/bin/c++
[0.841s] -- Check for working CXX compiler: /usr/bin/c++ -- works
[0.843s] -- Detecting CXX compiler ABI info
[0.980s] -- Detecting CXX compiler ABI info - done
[0.996s] -- Detecting CXX compile features
[0.997s] -- Detecting CXX compile features - done
[1.002s] -- Found PkgConfig: /usr/bin/pkg-config (found version "0.29.1") 
[1.003s] -- Checking for module 'tinyxml2'
[1.020s] --   Found tinyxml2, version 6.2.0
[1.146s] -- Found ament_cmake: 1.2.1 (/opt/ros/rolling/share/ament_cmake/cmake)
[1.295s] -- Found Python3: /usr/bin/python3.8 (found version "3.8.10") found components: Interpreter 
[1.374s] -- Found rclcpp: 15.0.0 (/opt/ros/rolling/share/rclcpp/cmake)
[1.445s] -- Using all available rosidl_typesupport_c: rosidl_typesupport_fastrtps_c;rosidl_typesupport_introspection_c
[1.452s] -- Found rosidl_adapter: 3.0.1 (/opt/ros/rolling/share/rosidl_adapter/cmake)
[1.491s] -- Using all available rosidl_typesupport_cpp: rosidl_typesupport_fastrtps_cpp;rosidl_typesupport_introspection_cpp
[1.549s] -- Found rmw_implementation_cmake: 5.1.0 (/opt/ros/rolling/share/rmw_implementation_cmake/cmake)
[1.551s] -- Found rmw_cyclonedds_cpp: 1.1.2 (/opt/ros/rolling/share/rmw_cyclonedds_cpp/cmake)
[1.575s] -- Using RMW implementation 'rmw_cyclonedds_cpp' as default
[1.735s] -- Found geometry_msgs: 4.0.0 (/opt/ros/rolling/share/geometry_msgs/cmake)
[1.837s] -- Configuring done
[1.851s] -- Generating done
[1.855s] -- Build files have been written to: /home/marti/IKRA/build/robot_arm_control
[1.862s] Invoked command in '/home/marti/IKRA/build/robot_arm_control' returned '0': CMAKE_PREFIX_PATH=${CMAKE_PREFIX_PATH}:/opt/ros/rolling /usr/bin/cmake /home/marti/IKRA/src/robot_arm_control -DCMAKE_INSTALL_PREFIX=/home/marti/IKRA/install/robot_arm_control
[1.866s] Invoking command in '/home/marti/IKRA/build/robot_arm_control': CMAKE_PREFIX_PATH=${CMAKE_PREFIX_PATH}:/opt/ros/rolling /usr/bin/cmake --build /home/marti/IKRA/build/robot_arm_control -- -j8 -l8
[1.904s] [35m[1mScanning dependencies of target robot_arm_node[0m
[1.942s] [ 50%] [32mBuilding CXX object CMakeFiles/robot_arm_node.dir/src/robot_arm_node.cpp.o[0m
[6.792s] [100%] [32m[1mLinking CXX executable robot_arm_node[0m
[7.047s] [100%] Built target robot_arm_node
[7.060s] Invoked command in '/home/marti/IKRA/build/robot_arm_control' returned '0': CMAKE_PREFIX_PATH=${CMAKE_PREFIX_PATH}:/opt/ros/rolling /usr/bin/cmake --build /home/marti/IKRA/build/robot_arm_control -- -j8 -l8
[7.074s] Invoking command in '/home/marti/IKRA/build/robot_arm_control': CMAKE_PREFIX_PATH=${CMAKE_PREFIX_PATH}:/opt/ros/rolling /usr/bin/cmake --install /home/marti/IKRA/build/robot_arm_control
[7.082s] -- Install configuration: ""
[7.082s] -- Installing: /home/marti/IKRA/install/robot_arm_control/lib/robot_arm_control/robot_arm_node
[7.083s] -- Set runtime path of "/home/marti/IKRA/install/robot_arm_control/lib/robot_arm_control/robot_arm_node" to ""
[7.084s] -- Installing: /home/marti/IKRA/install/robot_arm_control/share/ament_index/resource_index/package_run_dependencies/robot_arm_control
[7.084s] -- Installing: /home/marti/IKRA/install/robot_arm_control/share/ament_index/resource_index/parent_prefix_path/robot_arm_control
[7.085s] -- Installing: /home/marti/IKRA/install/robot_arm_control/share/robot_arm_control/environment/ament_prefix_path.sh
[7.085s] -- Installing: /home/marti/IKRA/install/robot_arm_control/share/robot_arm_control/environment/ament_prefix_path.dsv
[7.085s] -- Installing: /home/marti/IKRA/install/robot_arm_control/share/robot_arm_control/environment/path.sh
[7.086s] -- Installing: /home/marti/IKRA/install/robot_arm_control/share/robot_arm_control/environment/path.dsv
[7.086s] -- Installing: /home/marti/IKRA/install/robot_arm_control/share/robot_arm_control/local_setup.bash
[7.086s] -- Installing: /home/marti/IKRA/install/robot_arm_control/share/robot_arm_control/local_setup.sh
[7.087s] -- Installing: /home/marti/IKRA/install/robot_arm_control/share/robot_arm_control/local_setup.zsh
[7.087s] -- Installing: /home/marti/IKRA/install/robot_arm_control/share/robot_arm_control/local_setup.dsv
[7.087s] -- Installing: /home/marti/IKRA/install/robot_arm_control/share/robot_arm_control/package.dsv
[7.087s] -- Installing: /home/marti/IKRA/install/robot_arm_control/share/ament_index/resource_index/packages/robot_arm_control
[7.088s] -- Installing: /home/marti/IKRA/install/robot_arm_control/share/robot_arm_control/cmake/robot_arm_controlConfig.cmake
[7.089s] -- Installing: /home/marti/IKRA/install/robot_arm_control/share/robot_arm_control/cmake/robot_arm_controlConfig-version.cmake
[7.089s] -- Installing: /home/marti/IKRA/install/robot_arm_control/share/robot_arm_control/package.xml
[7.092s] Invoked command in '/home/marti/IKRA/build/robot_arm_control' returned '0': CMAKE_PREFIX_PATH=${CMAKE_PREFIX_PATH}:/opt/ros/rolling /usr/bin/cmake --install /home/marti/IKRA/build/robot_arm_control
