[0.141s] Invoking command in '/home/ubuntu/IKRA/build/robot_arm_control': CMAKE_PREFIX_PATH=/opt/ros/humble /usr/bin/cmake /home/ubuntu/IKRA/src/robot_arm_control -DAMENT_CMAKE_SYMLINK_INSTALL=1 -DCMAKE_INSTALL_PREFIX=/home/ubuntu/IKRA/install/robot_arm_control
[2.191s] -- The C compiler identification is GNU 11.4.0
[2.616s] -- The CXX compiler identification is GNU 11.4.0
[2.659s] -- Detecting C compiler ABI info
[3.022s] -- Detecting C compiler ABI info - done
[3.080s] -- Check for working C compiler: /usr/bin/cc - skipped
[3.081s] -- Detecting C compile features
[3.084s] -- Detecting C compile features - done
[3.098s] -- Detecting CXX compiler ABI info
[3.824s] -- Detecting CXX compiler ABI info - done
[3.908s] -- Check for working CXX compiler: /usr/bin/c++ - skipped
[3.909s] -- Detecting CXX compile features
[3.929s] -- Detecting CXX compile features - done
[3.969s] -- Found ament_cmake: 1.3.11 (/opt/ros/humble/share/ament_cmake/cmake)
[6.390s] -- Found Python3: /usr/bin/python3 (found version "3.10.12") found components: Interpreter 
[6.837s] -- Override CMake install command with custom implementation using symlinks instead of copying resources
[7.042s] -- Found rclcpp: 16.0.11 (/opt/ros/humble/share/rclcpp/cmake)
[7.267s] -- Found rosidl_generator_c: 3.1.6 (/opt/ros/humble/share/rosidl_generator_c/cmake)
[7.294s] -- Found rosidl_adapter: 3.1.6 (/opt/ros/humble/share/rosidl_adapter/cmake)
[7.326s] -- Found rosidl_generator_cpp: 3.1.6 (/opt/ros/humble/share/rosidl_generator_cpp/cmake)
[7.410s] -- Using all available rosidl_typesupport_c: rosidl_typesupport_fastrtps_c;rosidl_typesupport_introspection_c
[7.494s] -- Using all available rosidl_typesupport_cpp: rosidl_typesupport_fastrtps_cpp;rosidl_typesupport_introspection_cpp
[8.045s] -- Found rmw_implementation_cmake: 6.1.2 (/opt/ros/humble/share/rmw_implementation_cmake/cmake)
[8.130s] -- Found rmw_fastrtps_cpp: 6.2.7 (/opt/ros/humble/share/rmw_fastrtps_cpp/cmake)
[9.399s] -- Found OpenSSL: /usr/lib/aarch64-linux-gnu/libcrypto.so (found version "3.0.2")  
[9.600s] -- Found FastRTPS: /opt/ros/humble/include  
[9.820s] -- Using RMW implementation 'rmw_fastrtps_cpp' as default
[9.854s] -- Looking for pthread.h
[10.727s] -- Looking for pthread.h - found
[10.729s] -- Performing Test CMAKE_HAVE_LIBC_PTHREAD
[11.258s] -- Performing Test CMAKE_HAVE_LIBC_PTHREAD - Success
[11.283s] -- Found Threads: TRUE  
[11.680s] -- Found geometry_msgs: 4.2.4 (/opt/ros/humble/share/geometry_msgs/cmake)
[11.853s] [31mCMake Error at CMakeLists.txt:10 (find_package):
[11.854s]   By not providing "FindTinyXML2.cmake" in CMAKE_MODULE_PATH this project has
[11.855s]   asked CMake to find a package configuration file provided by "TinyXML2",
[11.858s]   but CMake did not find one.
[11.862s] 
[11.863s]   Could not find a package configuration file provided by "TinyXML2" with any
[11.864s]   of the following names:
[11.865s] 
[11.866s]     TinyXML2Config.cmake
[11.866s]     tinyxml2-config.cmake
[11.867s] 
[11.868s]   Add the installation prefix of "TinyXML2" to CMAKE_PREFIX_PATH or set
[11.868s]   "TinyXML2_DIR" to a directory containing one of the above files.  If
[11.868s]   "TinyXML2" provides a separate development package or SDK, be sure it has
[11.869s]   been installed.
[11.869s] 
[11.869s] [0m
[11.874s] -- Configuring incomplete, errors occurred!
[11.874s] See also "/home/ubuntu/IKRA/build/robot_arm_control/CMakeFiles/CMakeOutput.log".
[11.986s] Invoked command in '/home/ubuntu/IKRA/build/robot_arm_control' returned '1': CMAKE_PREFIX_PATH=/opt/ros/humble /usr/bin/cmake /home/ubuntu/IKRA/src/robot_arm_control -DAMENT_CMAKE_SYMLINK_INSTALL=1 -DCMAKE_INSTALL_PREFIX=/home/ubuntu/IKRA/install/robot_arm_control
