[0.268s] DEBUG:colcon:Command line arguments: ['/usr/bin/colcon', 'build']
[0.268s] DEBUG:colcon:Parsed command line arguments: Namespace(allow_overriding=[], ament_cmake_args=None, base_paths=['.'], build_base='build', catkin_cmake_args=None, catkin_skip_building_tests=False, cmake_args=None, cmake_clean_cache=False, cmake_clean_first=False, cmake_force_configure=False, cmake_target=None, cmake_target_skip_unavailable=False, continue_on_error=False, event_handlers=None, executor='parallel', ignore_user_meta=False, install_base='install', log_base=None, log_level=None, main=<bound method BuildVerb.main of <colcon_core.verb.build.BuildVerb object at 0x7fca1273f160>>, merge_install=False, metas=['./colcon.meta'], packages_above=None, packages_above_and_dependencies=None, packages_above_depth=None, packages_end=None, packages_ignore=None, packages_ignore_regex=None, packages_select=None, packages_select_build_failed=False, packages_select_by_dep=None, packages_select_regex=None, packages_select_test_failures=False, packages_skip=None, packages_skip_build_finished=False, packages_skip_by_dep=None, packages_skip_regex=None, packages_skip_test_passed=False, packages_skip_up_to=None, packages_start=None, packages_up_to=None, packages_up_to_regex=None, parallel_workers=8, paths=None, symlink_install=False, test_result_base=None, verb_extension=<colcon_core.verb.build.BuildVerb object at 0x7fca1273f160>, verb_name='build', verb_parser=<colcon_defaults.argument_parser.defaults.DefaultArgumentsDecorator object at 0x7fca1257e310>)
[0.456s] Level 1:colcon.colcon_core.package_discovery:discover_packages(colcon_meta) check parameters
[0.456s] Level 1:colcon.colcon_core.package_discovery:discover_packages(recursive) check parameters
[0.456s] Level 1:colcon.colcon_core.package_discovery:discover_packages(ignore) check parameters
[0.456s] Level 1:colcon.colcon_core.package_discovery:discover_packages(path) check parameters
[0.456s] Level 1:colcon.colcon_core.package_discovery:discover_packages(colcon_meta) discover
[0.456s] Level 1:colcon.colcon_core.package_discovery:discover_packages(recursive) discover
[0.456s] INFO:colcon.colcon_core.package_discovery:Crawling recursively for packages in '/home/marti/IKRA'
[0.456s] Level 1:colcon.colcon_core.package_identification:_identify(.) by extensions ['ignore', 'ignore_ament_install']
[0.457s] Level 1:colcon.colcon_core.package_identification:_identify(.) by extension 'ignore'
[0.457s] Level 1:colcon.colcon_core.package_identification:_identify(.) by extension 'ignore_ament_install'
[0.457s] Level 1:colcon.colcon_core.package_identification:_identify(.) by extensions ['colcon_pkg']
[0.457s] Level 1:colcon.colcon_core.package_identification:_identify(.) by extension 'colcon_pkg'
[0.457s] Level 1:colcon.colcon_core.package_identification:_identify(.) by extensions ['colcon_meta']
[0.457s] Level 1:colcon.colcon_core.package_identification:_identify(.) by extension 'colcon_meta'
[0.457s] Level 1:colcon.colcon_core.package_identification:_identify(.) by extensions ['ros']
[0.457s] Level 1:colcon.colcon_core.package_identification:_identify(.) by extension 'ros'
[0.476s] Level 1:colcon.colcon_core.package_identification:_identify(.) by extensions ['cmake', 'python']
[0.477s] Level 1:colcon.colcon_core.package_identification:_identify(.) by extension 'cmake'
[0.477s] Level 1:colcon.colcon_core.package_identification:_identify(.) by extension 'python'
[0.477s] Level 1:colcon.colcon_core.package_identification:_identify(.) by extensions ['python_setup_py']
[0.477s] Level 1:colcon.colcon_core.package_identification:_identify(.) by extension 'python_setup_py'
[0.477s] Level 1:colcon.colcon_core.package_identification:_identify(build) by extensions ['ignore', 'ignore_ament_install']
[0.477s] Level 1:colcon.colcon_core.package_identification:_identify(build) by extension 'ignore'
[0.477s] Level 1:colcon.colcon_core.package_identification:_identify(build) ignored
[0.477s] Level 1:colcon.colcon_core.package_identification:_identify(install) by extensions ['ignore', 'ignore_ament_install']
[0.477s] Level 1:colcon.colcon_core.package_identification:_identify(install) by extension 'ignore'
[0.478s] Level 1:colcon.colcon_core.package_identification:_identify(install) ignored
[0.478s] Level 1:colcon.colcon_core.package_identification:_identify(log) by extensions ['ignore', 'ignore_ament_install']
[0.478s] Level 1:colcon.colcon_core.package_identification:_identify(log) by extension 'ignore'
[0.478s] Level 1:colcon.colcon_core.package_identification:_identify(log) ignored
[0.478s] Level 1:colcon.colcon_core.package_identification:_identify(src) by extensions ['ignore', 'ignore_ament_install']
[0.478s] Level 1:colcon.colcon_core.package_identification:_identify(src) by extension 'ignore'
[0.478s] Level 1:colcon.colcon_core.package_identification:_identify(src) by extension 'ignore_ament_install'
[0.478s] Level 1:colcon.colcon_core.package_identification:_identify(src) by extensions ['colcon_pkg']
[0.478s] Level 1:colcon.colcon_core.package_identification:_identify(src) by extension 'colcon_pkg'
[0.479s] Level 1:colcon.colcon_core.package_identification:_identify(src) by extensions ['colcon_meta']
[0.479s] Level 1:colcon.colcon_core.package_identification:_identify(src) by extension 'colcon_meta'
[0.479s] Level 1:colcon.colcon_core.package_identification:_identify(src) by extensions ['ros']
[0.479s] Level 1:colcon.colcon_core.package_identification:_identify(src) by extension 'ros'
[0.479s] Level 1:colcon.colcon_core.package_identification:_identify(src) by extensions ['cmake', 'python']
[0.479s] Level 1:colcon.colcon_core.package_identification:_identify(src) by extension 'cmake'
[0.479s] Level 1:colcon.colcon_core.package_identification:_identify(src) by extension 'python'
[0.479s] Level 1:colcon.colcon_core.package_identification:_identify(src) by extensions ['python_setup_py']
[0.479s] Level 1:colcon.colcon_core.package_identification:_identify(src) by extension 'python_setup_py'
[0.479s] Level 1:colcon.colcon_core.package_identification:_identify(src/robot_arm_control) by extensions ['ignore', 'ignore_ament_install']
[0.479s] Level 1:colcon.colcon_core.package_identification:_identify(src/robot_arm_control) by extension 'ignore'
[0.480s] Level 1:colcon.colcon_core.package_identification:_identify(src/robot_arm_control) by extension 'ignore_ament_install'
[0.480s] Level 1:colcon.colcon_core.package_identification:_identify(src/robot_arm_control) by extensions ['colcon_pkg']
[0.480s] Level 1:colcon.colcon_core.package_identification:_identify(src/robot_arm_control) by extension 'colcon_pkg'
[0.480s] Level 1:colcon.colcon_core.package_identification:_identify(src/robot_arm_control) by extensions ['colcon_meta']
[0.480s] Level 1:colcon.colcon_core.package_identification:_identify(src/robot_arm_control) by extension 'colcon_meta'
[0.480s] Level 1:colcon.colcon_core.package_identification:_identify(src/robot_arm_control) by extensions ['ros']
[0.480s] Level 1:colcon.colcon_core.package_identification:_identify(src/robot_arm_control) by extension 'ros'
[0.484s] DEBUG:colcon.colcon_core.package_identification:Package 'src/robot_arm_control' with type 'ros.ament_cmake' and name 'robot_arm_control'
[0.485s] Level 1:colcon.colcon_core.package_discovery:discover_packages(recursive) using defaults
[0.485s] Level 1:colcon.colcon_core.package_discovery:discover_packages(ignore) discover
[0.485s] Level 1:colcon.colcon_core.package_discovery:discover_packages(ignore) using defaults
[0.485s] Level 1:colcon.colcon_core.package_discovery:discover_packages(path) discover
[0.485s] Level 1:colcon.colcon_core.package_discovery:discover_packages(path) using defaults
[0.506s] Level 1:colcon.colcon_core.package_discovery:discover_packages(prefix_path) check parameters
[0.506s] Level 1:colcon.colcon_core.package_discovery:discover_packages(prefix_path) discover
[0.510s] DEBUG:colcon.colcon_installed_package_information.package_discovery:Found 1 installed packages in /home/marti/IKRA/install
[0.512s] DEBUG:colcon.colcon_installed_package_information.package_discovery:Found 274 installed packages in /opt/ros/rolling
[0.528s] Level 1:colcon.colcon_core.package_discovery:discover_packages(prefix_path) using defaults
[0.652s] Level 5:colcon.colcon_core.verb:set package 'robot_arm_control' build argument 'cmake_args' from command line to 'None'
[0.652s] Level 5:colcon.colcon_core.verb:set package 'robot_arm_control' build argument 'cmake_target' from command line to 'None'
[0.652s] Level 5:colcon.colcon_core.verb:set package 'robot_arm_control' build argument 'cmake_target_skip_unavailable' from command line to 'False'
[0.652s] Level 5:colcon.colcon_core.verb:set package 'robot_arm_control' build argument 'cmake_clean_cache' from command line to 'False'
[0.652s] Level 5:colcon.colcon_core.verb:set package 'robot_arm_control' build argument 'cmake_clean_first' from command line to 'False'
[0.652s] Level 5:colcon.colcon_core.verb:set package 'robot_arm_control' build argument 'cmake_force_configure' from command line to 'False'
[0.652s] Level 5:colcon.colcon_core.verb:set package 'robot_arm_control' build argument 'ament_cmake_args' from command line to 'None'
[0.652s] Level 5:colcon.colcon_core.verb:set package 'robot_arm_control' build argument 'catkin_cmake_args' from command line to 'None'
[0.652s] Level 5:colcon.colcon_core.verb:set package 'robot_arm_control' build argument 'catkin_skip_building_tests' from command line to 'False'
[0.652s] DEBUG:colcon.colcon_core.verb:Building package 'robot_arm_control' with the following arguments: {'ament_cmake_args': None, 'build_base': '/home/marti/IKRA/build/robot_arm_control', 'catkin_cmake_args': None, 'catkin_skip_building_tests': False, 'cmake_args': None, 'cmake_clean_cache': False, 'cmake_clean_first': False, 'cmake_force_configure': False, 'cmake_target': None, 'cmake_target_skip_unavailable': False, 'install_base': '/home/marti/IKRA/install/robot_arm_control', 'merge_install': False, 'path': '/home/marti/IKRA/src/robot_arm_control', 'symlink_install': False, 'test_result_base': None}
[0.653s] INFO:colcon.colcon_core.executor:Executing jobs using 'parallel' executor
[0.655s] DEBUG:colcon.colcon_parallel_executor.executor.parallel:run_until_complete
[0.656s] INFO:colcon.colcon_ros.task.ament_cmake.build:Building ROS package in '/home/marti/IKRA/src/robot_arm_control' with build type 'ament_cmake'
[0.656s] INFO:colcon.colcon_cmake.task.cmake.build:Building CMake package in '/home/marti/IKRA/src/robot_arm_control'
[0.661s] INFO:colcon.colcon_core.plugin_system:Skipping extension 'colcon_core.shell.bat': Not used on non-Windows systems
[0.662s] INFO:colcon.colcon_core.shell:Skip shell extension 'powershell' for command environment: Not usable outside of PowerShell
[0.662s] DEBUG:colcon.colcon_core.shell:Skip shell extension 'dsv' for command environment
[0.687s] DEBUG:colcon.colcon_core.event_handler.log_command:Invoking command in '/home/marti/IKRA/build/robot_arm_control': CMAKE_PREFIX_PATH=${CMAKE_PREFIX_PATH}:/opt/ros/rolling /usr/bin/cmake --build /home/marti/IKRA/build/robot_arm_control -- -j8 -l8
[6.910s] DEBUG:colcon.colcon_core.event_handler.log_command:Invoked command in '/home/marti/IKRA/build/robot_arm_control' returned '0': CMAKE_PREFIX_PATH=${CMAKE_PREFIX_PATH}:/opt/ros/rolling /usr/bin/cmake --build /home/marti/IKRA/build/robot_arm_control -- -j8 -l8
[6.927s] DEBUG:colcon.colcon_core.event_handler.log_command:Invoking command in '/home/marti/IKRA/build/robot_arm_control': CMAKE_PREFIX_PATH=${CMAKE_PREFIX_PATH}:/opt/ros/rolling /usr/bin/cmake --install /home/marti/IKRA/build/robot_arm_control
[6.954s] Level 1:colcon.colcon_core.environment:create_environment_scripts_only(robot_arm_control)
[6.955s] DEBUG:colcon.colcon_core.event_handler.log_command:Invoked command in '/home/marti/IKRA/build/robot_arm_control' returned '0': CMAKE_PREFIX_PATH=${CMAKE_PREFIX_PATH}:/opt/ros/rolling /usr/bin/cmake --install /home/marti/IKRA/build/robot_arm_control
[6.960s] Level 1:colcon.colcon_core.environment:checking '/home/marti/IKRA/install/robot_arm_control' for CMake module files
[6.961s] Level 1:colcon.colcon_core.environment:checking '/home/marti/IKRA/install/robot_arm_control' for CMake config files
[6.962s] Level 1:colcon.colcon_core.shell:create_environment_hook('robot_arm_control', 'cmake_prefix_path')
[6.962s] INFO:colcon.colcon_core.shell:Creating environment hook '/home/marti/IKRA/install/robot_arm_control/share/robot_arm_control/hook/cmake_prefix_path.ps1'
[6.964s] INFO:colcon.colcon_core.shell:Creating environment descriptor '/home/marti/IKRA/install/robot_arm_control/share/robot_arm_control/hook/cmake_prefix_path.dsv'
[6.965s] INFO:colcon.colcon_core.shell:Creating environment hook '/home/marti/IKRA/install/robot_arm_control/share/robot_arm_control/hook/cmake_prefix_path.sh'
[6.967s] Level 1:colcon.colcon_core.environment:checking '/home/marti/IKRA/install/robot_arm_control/lib'
[6.968s] Level 1:colcon.colcon_core.environment:checking '/home/marti/IKRA/install/robot_arm_control/bin'
[6.968s] Level 1:colcon.colcon_core.environment:checking '/home/marti/IKRA/install/robot_arm_control/lib/pkgconfig/robot_arm_control.pc'
[6.968s] Level 1:colcon.colcon_core.environment:checking '/home/marti/IKRA/install/robot_arm_control/lib/python3.8/site-packages'
[6.969s] Level 1:colcon.colcon_core.environment:checking '/home/marti/IKRA/install/robot_arm_control/bin'
[6.969s] INFO:colcon.colcon_core.shell:Creating package script '/home/marti/IKRA/install/robot_arm_control/share/robot_arm_control/package.ps1'
[6.971s] INFO:colcon.colcon_core.shell:Creating package descriptor '/home/marti/IKRA/install/robot_arm_control/share/robot_arm_control/package.dsv'
[6.972s] INFO:colcon.colcon_core.shell:Creating package script '/home/marti/IKRA/install/robot_arm_control/share/robot_arm_control/package.sh'
[6.973s] INFO:colcon.colcon_core.shell:Creating package script '/home/marti/IKRA/install/robot_arm_control/share/robot_arm_control/package.bash'
[6.974s] INFO:colcon.colcon_core.shell:Creating package script '/home/marti/IKRA/install/robot_arm_control/share/robot_arm_control/package.zsh'
[6.975s] Level 1:colcon.colcon_core.environment:create_file_with_runtime_dependencies(/home/marti/IKRA/install/robot_arm_control/share/colcon-core/packages/robot_arm_control)
[6.976s] Level 1:colcon.colcon_core.environment:create_environment_scripts_only(robot_arm_control)
[6.976s] Level 1:colcon.colcon_core.environment:checking '/home/marti/IKRA/install/robot_arm_control' for CMake module files
[6.976s] Level 1:colcon.colcon_core.environment:checking '/home/marti/IKRA/install/robot_arm_control' for CMake config files
[6.976s] Level 1:colcon.colcon_core.shell:create_environment_hook('robot_arm_control', 'cmake_prefix_path')
[6.977s] INFO:colcon.colcon_core.shell:Creating environment hook '/home/marti/IKRA/install/robot_arm_control/share/robot_arm_control/hook/cmake_prefix_path.ps1'
[6.978s] INFO:colcon.colcon_core.shell:Creating environment descriptor '/home/marti/IKRA/install/robot_arm_control/share/robot_arm_control/hook/cmake_prefix_path.dsv'
[6.978s] INFO:colcon.colcon_core.shell:Creating environment hook '/home/marti/IKRA/install/robot_arm_control/share/robot_arm_control/hook/cmake_prefix_path.sh'
[6.979s] Level 1:colcon.colcon_core.environment:checking '/home/marti/IKRA/install/robot_arm_control/lib'
[6.979s] Level 1:colcon.colcon_core.environment:checking '/home/marti/IKRA/install/robot_arm_control/bin'
[6.979s] Level 1:colcon.colcon_core.environment:checking '/home/marti/IKRA/install/robot_arm_control/lib/pkgconfig/robot_arm_control.pc'
[6.979s] Level 1:colcon.colcon_core.environment:checking '/home/marti/IKRA/install/robot_arm_control/lib/python3.8/site-packages'
[6.980s] Level 1:colcon.colcon_core.environment:checking '/home/marti/IKRA/install/robot_arm_control/bin'
[6.980s] INFO:colcon.colcon_core.shell:Creating package script '/home/marti/IKRA/install/robot_arm_control/share/robot_arm_control/package.ps1'
[6.981s] INFO:colcon.colcon_core.shell:Creating package descriptor '/home/marti/IKRA/install/robot_arm_control/share/robot_arm_control/package.dsv'
[6.982s] INFO:colcon.colcon_core.shell:Creating package script '/home/marti/IKRA/install/robot_arm_control/share/robot_arm_control/package.sh'
[6.983s] INFO:colcon.colcon_core.shell:Creating package script '/home/marti/IKRA/install/robot_arm_control/share/robot_arm_control/package.bash'
[6.984s] INFO:colcon.colcon_core.shell:Creating package script '/home/marti/IKRA/install/robot_arm_control/share/robot_arm_control/package.zsh'
[6.985s] Level 1:colcon.colcon_core.environment:create_file_with_runtime_dependencies(/home/marti/IKRA/install/robot_arm_control/share/colcon-core/packages/robot_arm_control)
[6.986s] DEBUG:colcon.colcon_parallel_executor.executor.parallel:closing loop
[6.987s] DEBUG:colcon.colcon_parallel_executor.executor.parallel:loop closed
[6.987s] DEBUG:colcon.colcon_parallel_executor.executor.parallel:run_until_complete finished with '0'
[6.987s] DEBUG:colcon.colcon_core.event_reactor:joining thread
[7.043s] INFO:colcon.colcon_core.plugin_system:Skipping extension 'colcon_notification.desktop_notification.notify_send': Could not find 'notify-send'
[7.043s] INFO:colcon.colcon_core.plugin_system:Skipping extension 'colcon_notification.desktop_notification.terminal_notifier': Not used on non-Darwin systems
[7.043s] INFO:colcon.colcon_core.plugin_system:Skipping extension 'colcon_notification.desktop_notification.win32': Not used on non-Windows systems
[7.043s] INFO:colcon.colcon_notification.desktop_notification:Sending desktop notification using 'notify2'
[7.050s] DEBUG:colcon.colcon_notification.desktop_notification.notify2:Failed to initialize notify2: org.freedesktop.DBus.Error.ServiceUnknown: The name org.freedesktop.Notifications was not provided by any .service files
[7.050s] DEBUG:colcon.colcon_core.event_reactor:joined thread
[7.051s] INFO:colcon.colcon_core.shell:Creating prefix script '/home/marti/IKRA/install/local_setup.ps1'
[7.052s] INFO:colcon.colcon_core.shell:Creating prefix util module '/home/marti/IKRA/install/_local_setup_util_ps1.py'
[7.055s] INFO:colcon.colcon_core.shell:Creating prefix chain script '/home/marti/IKRA/install/setup.ps1'
[7.057s] INFO:colcon.colcon_core.shell:Creating prefix script '/home/marti/IKRA/install/local_setup.sh'
[7.059s] INFO:colcon.colcon_core.shell:Creating prefix util module '/home/marti/IKRA/install/_local_setup_util_sh.py'
[7.060s] INFO:colcon.colcon_core.shell:Creating prefix chain script '/home/marti/IKRA/install/setup.sh'
[7.063s] INFO:colcon.colcon_core.shell:Creating prefix script '/home/marti/IKRA/install/local_setup.bash'
[7.064s] INFO:colcon.colcon_core.shell:Creating prefix chain script '/home/marti/IKRA/install/setup.bash'
[7.066s] INFO:colcon.colcon_core.shell:Creating prefix script '/home/marti/IKRA/install/local_setup.zsh'
[7.067s] INFO:colcon.colcon_core.shell:Creating prefix chain script '/home/marti/IKRA/install/setup.zsh'
