[0.027s] Invoking command in '/home/marti/IKRA/build/robot_arm_control': CMAKE_PREFIX_PATH=${CMAKE_PREFIX_PATH}:/opt/ros/rolling /usr/bin/cmake --build /home/marti/IKRA/build/robot_arm_control -- -j8 -l8
[0.105s] [100%] Built target robot_arm_node
[0.122s] Invoked command in '/home/marti/IKRA/build/robot_arm_control' returned '0': CMAKE_PREFIX_PATH=${CMAKE_PREFIX_PATH}:/opt/ros/rolling /usr/bin/cmake --build /home/marti/IKRA/build/robot_arm_control -- -j8 -l8
[0.138s] Invoking command in '/home/marti/IKRA/build/robot_arm_control': CMAKE_PREFIX_PATH=${CMAKE_PREFIX_PATH}:/opt/ros/rolling /usr/bin/cmake --install /home/marti/IKRA/build/robot_arm_control
[0.146s] -- Install configuration: ""
[0.147s] -- Up-to-date: /home/marti/IKRA/install/robot_arm_control/lib/robot_arm_control/robot_arm_node
[0.147s] -- Up-to-date: /home/marti/IKRA/install/robot_arm_control/share/ament_index/resource_index/package_run_dependencies/robot_arm_control
[0.147s] -- Up-to-date: /home/marti/IKRA/install/robot_arm_control/share/ament_index/resource_index/parent_prefix_path/robot_arm_control
[0.148s] -- Up-to-date: /home/marti/IKRA/install/robot_arm_control/share/robot_arm_control/environment/ament_prefix_path.sh
[0.148s] -- Up-to-date: /home/marti/IKRA/install/robot_arm_control/share/robot_arm_control/environment/ament_prefix_path.dsv
[0.149s] -- Up-to-date: /home/marti/IKRA/install/robot_arm_control/share/robot_arm_control/environment/path.sh
[0.149s] -- Up-to-date: /home/marti/IKRA/install/robot_arm_control/share/robot_arm_control/environment/path.dsv
[0.149s] -- Up-to-date: /home/marti/IKRA/install/robot_arm_control/share/robot_arm_control/local_setup.bash
[0.149s] -- Up-to-date: /home/marti/IKRA/install/robot_arm_control/share/robot_arm_control/local_setup.sh
[0.149s] -- Up-to-date: /home/marti/IKRA/install/robot_arm_control/share/robot_arm_control/local_setup.zsh
[0.149s] -- Up-to-date: /home/marti/IKRA/install/robot_arm_control/share/robot_arm_control/local_setup.dsv
[0.150s] -- Installing: /home/marti/IKRA/install/robot_arm_control/share/robot_arm_control/package.dsv
[0.150s] -- Up-to-date: /home/marti/IKRA/install/robot_arm_control/share/ament_index/resource_index/packages/robot_arm_control
[0.150s] -- Up-to-date: /home/marti/IKRA/install/robot_arm_control/share/robot_arm_control/cmake/robot_arm_controlConfig.cmake
[0.150s] -- Up-to-date: /home/marti/IKRA/install/robot_arm_control/share/robot_arm_control/cmake/robot_arm_controlConfig-version.cmake
[0.150s] -- Up-to-date: /home/marti/IKRA/install/robot_arm_control/share/robot_arm_control/package.xml
[0.152s] Invoked command in '/home/marti/IKRA/build/robot_arm_control' returned '0': CMAKE_PREFIX_PATH=${CMAKE_PREFIX_PATH}:/opt/ros/rolling /usr/bin/cmake --install /home/marti/IKRA/build/robot_arm_control
