-- The C compiler identification is GNU 9.4.0
-- The CXX compiler identification is GNU 9.4.0
-- Check for working C compiler: /usr/bin/cc
-- Check for working C compiler: /usr/bin/cc -- works
-- Detecting C compiler ABI info
-- Detecting C compiler ABI info - done
-- Detecting C compile features
-- Detecting C compile features - done
-- Check for working CXX compiler: /usr/bin/c++
-- Check for working CXX compiler: /usr/bin/c++ -- works
-- Detecting CXX compiler ABI info
-- Detecting CXX compiler ABI info - done
-- Detecting CXX compile features
-- Detecting CXX compile features - done
-- Found PkgConfig: /usr/bin/pkg-config (found version "0.29.1") 
-- Checking for module 'tinyxml2'
--   Found tinyxml2, version 6.2.0
-- Found ament_cmake: 1.2.1 (/opt/ros/rolling/share/ament_cmake/cmake)
-- Found Python3: /usr/bin/python3.8 (found version "3.8.10") found components: Interpreter 
-- Found rclcpp: 15.0.0 (/opt/ros/rolling/share/rclcpp/cmake)
-- Using all available rosidl_typesupport_c: rosidl_typesupport_fastrtps_c;rosidl_typesupport_introspection_c
-- Found rosidl_adapter: 3.0.1 (/opt/ros/rolling/share/rosidl_adapter/cmake)
-- Using all available rosidl_typesupport_cpp: rosidl_typesupport_fastrtps_cpp;rosidl_typesupport_introspection_cpp
-- Found rmw_implementation_cmake: 5.1.0 (/opt/ros/rolling/share/rmw_implementation_cmake/cmake)
-- Found rmw_cyclonedds_cpp: 1.1.2 (/opt/ros/rolling/share/rmw_cyclonedds_cpp/cmake)
-- Using RMW implementation 'rmw_cyclonedds_cpp' as default
-- Found geometry_msgs: 4.0.0 (/opt/ros/rolling/share/geometry_msgs/cmake)
-- Configuring done
-- Generating done
-- Build files have been written to: /home/marti/IKRA/build/robot_arm_control
[35m[1mScanning dependencies of target robot_arm_node[0m
[ 50%] [32mBuilding CXX object CMakeFiles/robot_arm_node.dir/src/robot_arm_node.cpp.o[0m
In file included from [01m[K/opt/ros/rolling/include/rclcpp/client.hpp:43[m[K,
                 from [01m[K/opt/ros/rolling/include/rclcpp/callback_group.hpp:23[m[K,
                 from [01m[K/opt/ros/rolling/include/rclcpp/any_executable.hpp:20[m[K,
                 from [01m[K/opt/ros/rolling/include/rclcpp/memory_strategy.hpp:25[m[K,
                 from [01m[K/opt/ros/rolling/include/rclcpp/memory_strategies.hpp:18[m[K,
                 from [01m[K/opt/ros/rolling/include/rclcpp/executor_options.hpp:20[m[K,
                 from [01m[K/opt/ros/rolling/include/rclcpp/executor.hpp:37[m[K,
                 from [01m[K/opt/ros/rolling/include/rclcpp/executors/multi_threaded_executor.hpp:25[m[K,
                 from [01m[K/opt/ros/rolling/include/rclcpp/executors.hpp:21[m[K,
                 from [01m[K/opt/ros/rolling/include/rclcpp/rclcpp.hpp:155[m[K,
                 from [01m[K/home/marti/IKRA/src/robot_arm_control/src/robot_arm_node.cpp:2[m[K:
[01m[K/home/marti/IKRA/src/robot_arm_control/src/robot_arm_node.cpp:[m[K In member function ‘[01m[Kvoid RobotArmControl::calculate_jacobian(const Vector3d&, Eigen::MatrixXd&)[m[K’:
[01m[K/home/marti/IKRA/src/robot_arm_control/src/robot_arm_node.cpp:80:45:[m[K [01;35m[Kwarning: [m[Kformat ‘[01m[K%f[m[K’ expects a matching ‘[01m[Kdouble[m[K’ argument [[01;35m[K-Wformat=[m[K]
   80 |             RCLCPP_INFO(this->get_logger(), [01;35m[K"Jacobiana:\n%.2f %.2f %.2f\n%.2f %.2f %.2f\n%.2f %.2f %.2f"[m[K,
      |                                             [01;35m[K^~~~~~~~~~~~~~~~~~~~~~~~~~~~~~~~~~~~~~~~~~~~~~~~~~~~~~~~~~~~[m[K
[01m[K/home/marti/IKRA/src/robot_arm_control/src/robot_arm_node.cpp:80:93:[m[K [01;36m[Knote: [m[Kformat string is defined here
   80 | et_logger(), "Jacobiana:\n%.2f %.2f %.2f\n%.2f %.2f %.2f\n[01;36m[K%.2f[m[K %.2f %.2f",
      |                                                           [01;36m[K~~~^[m[K
      |                                                              [01;36m[K|[m[K
      |                                                              [01;36m[Kdouble[m[K

In file included from [01m[K/opt/ros/rolling/include/rclcpp/client.hpp:43[m[K,
                 from [01m[K/opt/ros/rolling/include/rclcpp/callback_group.hpp:23[m[K,
                 from [01m[K/opt/ros/rolling/include/rclcpp/any_executable.hpp:20[m[K,
                 from [01m[K/opt/ros/rolling/include/rclcpp/memory_strategy.hpp:25[m[K,
                 from [01m[K/opt/ros/rolling/include/rclcpp/memory_strategies.hpp:18[m[K,
                 from [01m[K/opt/ros/rolling/include/rclcpp/executor_options.hpp:20[m[K,
                 from [01m[K/opt/ros/rolling/include/rclcpp/executor.hpp:37[m[K,
                 from [01m[K/opt/ros/rolling/include/rclcpp/executors/multi_threaded_executor.hpp:25[m[K,
                 from [01m[K/opt/ros/rolling/include/rclcpp/executors.hpp:21[m[K,
                 from [01m[K/opt/ros/rolling/include/rclcpp/rclcpp.hpp:155[m[K,
                 from [01m[K/home/marti/IKRA/src/robot_arm_control/src/robot_arm_node.cpp:2[m[K:
[01m[K/home/marti/IKRA/src/robot_arm_control/src/robot_arm_node.cpp:80:45:[m[K [01;35m[Kwarning: [m[Kformat ‘[01m[K%f[m[K’ expects a matching ‘[01m[Kdouble[m[K’ argument [[01;35m[K-Wformat=[m[K]
   80 |             RCLCPP_INFO(this->get_logger(), [01;35m[K"Jacobiana:\n%.2f %.2f %.2f\n%.2f %.2f %.2f\n%.2f %.2f %.2f"[m[K,
      |                                             [01;35m[K^~~~~~~~~~~~~~~~~~~~~~~~~~~~~~~~~~~~~~~~~~~~~~~~~~~~~~~~~~~~[m[K
[01m[K/home/marti/IKRA/src/robot_arm_control/src/robot_arm_node.cpp:80:98:[m[K [01;36m[Knote: [m[Kformat string is defined here
   80 | et_logger(), "Jacobiana:\n%.2f %.2f %.2f\n%.2f %.2f %.2f\n%.2f [01;36m[K%.2f[m[K %.2f",
      |                                                                [01;36m[K~~~^[m[K
      |                                                                   [01;36m[K|[m[K
      |                                                                   [01;36m[Kdouble[m[K

In file included from [01m[K/opt/ros/rolling/include/rclcpp/client.hpp:43[m[K,
                 from [01m[K/opt/ros/rolling/include/rclcpp/callback_group.hpp:23[m[K,
                 from [01m[K/opt/ros/rolling/include/rclcpp/any_executable.hpp:20[m[K,
                 from [01m[K/opt/ros/rolling/include/rclcpp/memory_strategy.hpp:25[m[K,
                 from [01m[K/opt/ros/rolling/include/rclcpp/memory_strategies.hpp:18[m[K,
                 from [01m[K/opt/ros/rolling/include/rclcpp/executor_options.hpp:20[m[K,
                 from [01m[K/opt/ros/rolling/include/rclcpp/executor.hpp:37[m[K,
                 from [01m[K/opt/ros/rolling/include/rclcpp/executors/multi_threaded_executor.hpp:25[m[K,
                 from [01m[K/opt/ros/rolling/include/rclcpp/executors.hpp:21[m[K,
                 from [01m[K/opt/ros/rolling/include/rclcpp/rclcpp.hpp:155[m[K,
                 from [01m[K/home/marti/IKRA/src/robot_arm_control/src/robot_arm_node.cpp:2[m[K:
[01m[K/home/marti/IKRA/src/robot_arm_control/src/robot_arm_node.cpp:80:45:[m[K [01;35m[Kwarning: [m[Kformat ‘[01m[K%f[m[K’ expects a matching ‘[01m[Kdouble[m[K’ argument [[01;35m[K-Wformat=[m[K]
   80 |             RCLCPP_INFO(this->get_logger(), [01;35m[K"Jacobiana:\n%.2f %.2f %.2f\n%.2f %.2f %.2f\n%.2f %.2f %.2f"[m[K,
      |                                             [01;35m[K^~~~~~~~~~~~~~~~~~~~~~~~~~~~~~~~~~~~~~~~~~~~~~~~~~~~~~~~~~~~[m[K
[01m[K/home/marti/IKRA/src/robot_arm_control/src/robot_arm_node.cpp:80:103:[m[K [01;36m[Knote: [m[Kformat string is defined here
   80 | acobiana:\n%.2f %.2f %.2f\n%.2f %.2f %.2f\n%.2f %.2f [01;36m[K%.2f[m[K",
      |                                                      [01;36m[K~~~^[m[K
      |                                                         [01;36m[K|[m[K
      |                                                         [01;36m[Kdouble[m[K

[100%] [32m[1mLinking CXX executable robot_arm_node[0m
[100%] Built target robot_arm_node
-- Install configuration: ""
-- Installing: /home/marti/IKRA/install/robot_arm_control/lib/robot_arm_control/robot_arm_node
-- Set runtime path of "/home/marti/IKRA/install/robot_arm_control/lib/robot_arm_control/robot_arm_node" to ""
-- Installing: /home/marti/IKRA/install/robot_arm_control/share/ament_index/resource_index/package_run_dependencies/robot_arm_control
-- Installing: /home/marti/IKRA/install/robot_arm_control/share/ament_index/resource_index/parent_prefix_path/robot_arm_control
-- Installing: /home/marti/IKRA/install/robot_arm_control/share/robot_arm_control/environment/ament_prefix_path.sh
-- Installing: /home/marti/IKRA/install/robot_arm_control/share/robot_arm_control/environment/ament_prefix_path.dsv
-- Installing: /home/marti/IKRA/install/robot_arm_control/share/robot_arm_control/environment/path.sh
-- Installing: /home/marti/IKRA/install/robot_arm_control/share/robot_arm_control/environment/path.dsv
-- Installing: /home/marti/IKRA/install/robot_arm_control/share/robot_arm_control/local_setup.bash
-- Installing: /home/marti/IKRA/install/robot_arm_control/share/robot_arm_control/local_setup.sh
-- Installing: /home/marti/IKRA/install/robot_arm_control/share/robot_arm_control/local_setup.zsh
-- Installing: /home/marti/IKRA/install/robot_arm_control/share/robot_arm_control/local_setup.dsv
-- Installing: /home/marti/IKRA/install/robot_arm_control/share/robot_arm_control/package.dsv
-- Installing: /home/marti/IKRA/install/robot_arm_control/share/ament_index/resource_index/packages/robot_arm_control
-- Installing: /home/marti/IKRA/install/robot_arm_control/share/robot_arm_control/cmake/robot_arm_controlConfig.cmake
-- Installing: /home/marti/IKRA/install/robot_arm_control/share/robot_arm_control/cmake/robot_arm_controlConfig-version.cmake
-- Installing: /home/marti/IKRA/install/robot_arm_control/share/robot_arm_control/package.xml
